<?xml version="1.0" encoding="UTF-8"?>
<testsuite xmlns:xsi="http://www.w3.org/2001/XMLSchema-instance" xsi:noNamespaceSchemaLocation="https://maven.apache.org/surefire/maven-surefire-plugin/xsd/surefire-test-report.xsd" version="3.0.2" name="com.verdikt.verdikt_backend.service.VoteServiceTest" time="0.374" tests="2" errors="0" skipped="0" failures="0" flakes="0">
  <properties>
[...]
</properties>
  <testcase name="castVotesSupportsMultipleSelectionsInOneRequest" classname="com.verdikt.verdikt_backend.service.VoteServiceTest" time="0.346">
    <system-out><![CDATA[13:38:41.604 [main] INFO com.verdikt.verdikt_backend.service.VoteService -- Votes cast: room=ABC123 voter=Alice count=2
]]></system-out>
  </testcase>
  <testcase name="castVotesPublishesAuthoritativeVoteState" classname="com.verdikt.verdikt_backend.service.VoteServiceTest" time="0.013">
    <system-out><![CDATA[13:38:41.650 [main] INFO com.verdikt.verdikt_backend.service.VoteService -- Votes cast: room=ABC123 voter=Alice count=1
]]></system-out>
  </testcase>
</testsuite>