<?xml version="1.0" encoding="UTF-8"?>
<testsuite xmlns:xsi="http://www.w3.org/2001/XMLSchema-instance" xsi:noNamespaceSchemaLocation="https://maven.apache.org/surefire/maven-surefire-plugin/xsd/surefire-test-report.xsd" version="3.0.2" name="com.verdikt.verdikt_backend.service.VoteServiceTest" time="6.986" tests="2" errors="0" skipped="0" failures="0" flakes="0">
  <properties>
[...]
</properties>
  <testcase name="castVotesSupportsMultipleSelectionsInOneRequest" classname="com.verdikt.verdikt_backend.service.VoteServiceTest" time="6.883">
    <system-out><![CDATA[15:19:27.550 [main] INFO com.verdikt.verdikt_backend.service.VoteService -- Votes cast: room=ABC123 voter=Alice count=2
]]></system-out>
    <system-err><![CDATA[Mockito is currently self-attaching to enable the inline-mock-maker. This will no longer work in future releases of the JDK. Please add Mockito as an agent to your build as described in Mockito's documentation: https://javadoc.io/doc/org.mockito/mockito-core/latest/org.mockito/org/mockito/Mockito.html#0.3
WARNING: A Java agent has been loaded dynamically (C:\Users\Sumayyah\.m2\repository\net\bytebuddy\byte-buddy-agent\1.18.10\byte-buddy-agent-1.18.10.jar)
WARNING: If a serviceability tool is in use, please run with -XX:+EnableDynamicAgentLoading to hide this warning
WARNING: If a serviceability tool is not in use, please run with -Djdk.instrument.traceUsage for more information
WARNING: Dynamic loading of agents will be disallowed by default in a future release
]]></system-err>
  </testcase>
  <testcase name="castVotesPublishesAuthoritativeVoteState" classname="com.verdikt.verdikt_backend.service.VoteServiceTest" time="0.03">
    <system-out><![CDATA[15:19:27.852 [main] INFO com.verdikt.verdikt_backend.service.VoteService -- Votes cast: room=ABC123 voter=Alice count=1
]]></system-out>
  </testcase>
</testsuite>