<?xml version="1.0" encoding="UTF-8"?>
<testsuite xmlns:xsi="http://www.w3.org/2001/XMLSchema-instance" xsi:noNamespaceSchemaLocation="https://maven.apache.org/surefire/maven-surefire-plugin/xsd/surefire-test-report.xsd" version="3.0.2" name="com.verdikt.verdikt_backend.VerdiktBackendApplicationTests" time="44.367" tests="1" errors="0" skipped="0" failures="0" flakes="0">
  <properties>
[...]
</properties>
  <testcase name="contextLoads" classname="com.verdikt.verdikt_backend.VerdiktBackendApplicationTests" time="0.062">
    <system-out><![CDATA[09:49:40.724 [main] INFO org.springframework.test.context.support.AnnotationConfigContextLoaderUtils -- Could not detect default configuration classes for test class [com.verdikt.verdikt_backend.VerdiktBackendApplicationTests]: VerdiktBackendApplicationTests does not declare any static, non-private, non-final, nested classes annotated with @Configuration.
09:49:41.348 [main] INFO org.springframework.boot.test.context.SpringBootTestContextBootstrapper -- Found @SpringBootConfiguration com.verdikt.verdikt_backend.VerdiktBackendApplication for test class com.verdikt.verdikt_backend.VerdiktBackendApplicationTests
09:49:41.947 [main] INFO org.springframework.test.context.support.AnnotationConfigContextLoaderUtils -- Could not detect default configuration classes for test class [com.verdikt.verdikt_backend.VerdiktBackendApplicationTests]: VerdiktBackendApplicationTests does not declare any static, non-private, non-final, nested classes annotated with @Configuration.
09:49:41.951 [main] INFO org.springframework.boot.test.context.SpringBootTestContextBootstrapper -- Found @SpringBootConfiguration com.verdikt.verdikt_backend.VerdiktBackendApplication for test class com.verdikt.verdikt_backend.VerdiktBackendApplicationTests
09:49:42.373 [main] INFO org.springframework.boot.devtools.restart.RestartApplicationListener -- Restart disabled due to context in which it is running

  .   ____          _            __ _ _
 /\\ / ___'_ __ _ _(_)_ __  __ _ \ \ \ \
( ( )\___ | '_ | '_| | '_ \/ _` | \ \ \ \
 \\/  ___)| |_)| | | | | || (_| |  ) ) ) )
  '  |____| .__|_| |_|_| |_\__, | / / / /
 =========|_|==============|___/=/_/_/_/

 :: Spring Boot ::                (v4.1.0)

{"timestamp":"2026-09-14T09:49:45.7597133+01:00","@version":"1","message":"Starting VerdiktBackendApplicationTests using Java 21.0.12.1 with PID 22448 (started by USER in C:\\Users\\USER\\Desktop\\Projects\\verdikt\\verdikt-backend)","logger":"com.verdikt.verdikt_backend.VerdiktBackendApplicationTests","thread":"main","level":"INFO","level_value":20000,"tags":["COMMONS-LOGGING"]}
{"timestamp":"2026-09-14T09:49:45.8996973+01:00","@version":"1","message":"The following 1 profile is active: \"test\"","logger":"com.verdikt.verdikt_backend.VerdiktBackendApplicationTests","thread":"main","level":"INFO","level_value":20000,"tags":["COMMONS-LOGGING"]}
{"timestamp":"2026-09-14T09:49:45.9036806+01:00","@version":"1","message":"Loading source class com.verdikt.verdikt_backend.VerdiktBackendApplication","logger":"org.springframework.boot.SpringApplication","thread":"main","level":"DEBUG","level_value":10000,"tags":["COMMONS-LOGGING"]}
{"timestamp":"2026-09-14T09:49:46.2314664+01:00","@version":"1","message":"Included patterns for restart : []","logger":"org.springframework.boot.devtools.settings.DevToolsSettings","thread":"main","level":"DEBUG","level_value":10000,"tags":["COMMONS-LOGGING"]}
{"timestamp":"2026-09-14T09:49:46.2361779+01:00","@version":"1","message":"Excluded patterns for restart : [/spring-boot-starter-[\\w-]+/, /spring-boot/(bin|build|out)/, /spring-boot-starter/(bin|build|out)/, /spring-boot-devtools/(bin|build|out)/, /spring-boot-actuator/(bin|build|out)/, /spring-boot-autoconfigure/(bin|build|out)/]","logger":"org.springframework.boot.devtools.settings.DevToolsSettings","thread":"main","level":"DEBUG","level_value":10000,"tags":["COMMONS-LOGGING"]}
{"timestamp":"2026-09-14T09:49:52.6762163+01:00","@version":"1","message":"@EnableAutoConfiguration was declared on a class in the package 'com.verdikt.verdikt_backend'. Automatic @Repository and @Entity scanning is enabled.","logger":"org.springframework.boot.autoconfigure.AutoConfigurationPackages","thread":"main","level":"DEBUG","level_value":10000,"tags":["COMMONS-LOGGING"]}
{"timestamp":"2026-09-14T09:49:59.7003051+01:00","@version":"1","message":"HikariPool-1 - Starting...","logger":"com.zaxxer.hikari.HikariDataSource","thread":"main","level":"INFO","level_value":20000}
{"timestamp":"2026-09-14T09:50:00.7243664+01:00","@version":"1","message":"HikariPool-1 - Added connection conn0: url=jdbc:h2:mem:verdikt user=SA","logger":"com.zaxxer.hikari.pool.HikariPool","thread":"main","level":"INFO","level_value":20000}
{"timestamp":"2026-09-14T09:50:00.7291081+01:00","@version":"1","message":"HikariPool-1 - Start completed.","logger":"com.zaxxer.hikari.HikariDataSource","thread":"main","level":"INFO","level_value":20000}
{"timestamp":"2026-09-14T09:50:00.8736407+01:00","@version":"1","message":"HHH000511: The 2.4.240 version for [org.hibernate.dialect.PostgreSQLDialect] is no longer supported, hence certain features may not work properly.The minimum supported version is 14.0.0. Check the community dialects project for available legacy versions.","logger":"org.hibernate.orm.core","thread":"main","level":"WARN","level_value":30000}
{"timestamp":"2026-09-14T09:50:00.8857548+01:00","@version":"1","message":"HHH90000025: PostgreSQLDialect does not need to be specified explicitly using 'hibernate.dialect' (remove the property setting and it will be selected by default)","logger":"org.hibernate.orm.deprecation","thread":"main","level":"WARN","level_value":30000}
{"timestamp":"2026-09-14T09:50:17.5381954+01:00","@version":"1","message":"\r\n\r\nUsing generated security password: 854b7b16-fdc6-4e37-b3e5-f985b2cfe856\r\n\r\nThis generated password is for development use only. Your security configuration must be updated before running your application in production.\r\n","logger":"org.springframework.boot.security.autoconfigure.UserDetailsServiceAutoConfiguration","thread":"main","level":"WARN","level_value":30000,"tags":["COMMONS-LOGGING"]}
{"timestamp":"2026-09-14T09:50:22.1526202+01:00","@version":"1","message":"Exposing 3 endpoints beneath base path '/actuator'","logger":"org.springframework.boot.actuate.endpoint.web.EndpointLinksResolver","thread":"main","level":"INFO","level_value":20000,"tags":["COMMONS-LOGGING"]}
{"timestamp":"2026-09-14T09:50:22.5825464+01:00","@version":"1","message":"\r\n\r\n\r\n============================\r\nCONDITIONS EVALUATION REPORT\r\n============================\r\n\r\n\r\nPositive matches:\r\n-----------------\r\n\r\n   AopAutoConfiguration matched:\r\n      - @ConditionalOnBooleanProperty (spring.aop.auto=true) matched (OnPropertyCondition)\r\n\r\n   AopAutoConfiguration.AspectJAutoProxyingConfiguration matched:\r\n      - @ConditionalOnClass found required class 'org.aspectj.weaver.Advice' (OnClassCondition)\r\n\r\n   AopAutoConfiguration.AspectJAutoProxyingConfiguration.CglibAutoProxyConfiguration matched:\r\n      - @ConditionalOnBooleanProperty (spring.aop.proxy-target-class=true) matched (OnPropertyCondition)\r\n\r\n   ApplicationAvailabilityAutoConfiguration#applicationAvailability matched:\r\n      - @ConditionalOnMissingBean (types: org.springframework.boot.availability.ApplicationAvailability; SearchStrategy: all) did not find any beans (OnBeanCondition)\r\n\r\n   AvailabilityHealthContributorAutoConfiguration matched:\r\n      - @ConditionalOnClass found required class 'org.springframework.boot.health.contributor.Health' (OnClassCondition)\r\n\r\n   AvailabilityProbesAutoConfiguration matched:\r\n      - @ConditionalOnClass found required class 'org.springframework.boot.actuate.endpoint.annotation.Endpoint' (OnClassCondition)\r\n      - @ConditionalOnBooleanProperty (management.endpoint.health.probes.enabled=true) matched (OnPropertyCondition)\r\n\r\n   AvailabilityProbesAutoConfiguration#livenessStateHealthIndicator matched:\r\n      - @ConditionalOnMissingBean (names: livenessStateHealthIndicator; SearchStrategy: all) did not find any beans (OnBeanCondition)\r\n\r\n   AvailabilityProbesAutoConfiguration#readinessStateHealthIndicator matched:\r\n      - @ConditionalOnMissingBean (names: readinessStateHealthIndicator; SearchStrategy: all) did not find any beans (OnBeanCondition)\r\n\r\n   CompositeMeterRegistryAutoConfiguration matched:\r\n      - @ConditionalOnClass found required class 'io.micrometer.core.instrument.composite.CompositeMeterRegistry' (OnClassCondition)\r\n\r\n   DataJpaRepositoriesAutoConfiguration matched:\r\n      - @ConditionalOnClass found required class 'org.springframework.data.jpa.repository.JpaRepository' (OnClassCondition)\r\n      - @ConditionalOnBooleanProperty (spring.data.jpa.repositories.enabled=true) matched (OnPropertyCondition)\r\n      - @ConditionalOnBean (types: javax.sql.DataSource; SearchStrategy: all) found bean 'dataSource'; @ConditionalOnMissingBean (types: org.springframework.data.jpa.repository.support.JpaRepositoryFactoryBean,org.springframework.data.jpa.repository.config.JpaRepositoryConfigExtension; SearchStrategy: all) did not find any beans (OnBeanCondition)\r\n\r\n   DataRedisAnnotationDrivenConfiguration matched:\r\n      - @ConditionalOnClass found required classes 'org.springframework.data.redis.annotation.EnableRedisListeners', 'org.springframework.messaging.Message' (OnClassCondition)\r\n\r\n   DataRedisAnnotationDrivenConfiguration#redisMessageListenerContainer matched:\r\n      - @ConditionalOnSingleCandidate (types: org.springframework.data.redis.connection.RedisConnectionFactory; SearchStrategy: all) found a single bean 'redisConnectionFactory'; @ConditionalOnMissingBean (names: redisMessageListenerContainer; SearchStrategy: all) did not find any beans (OnBeanCondition)\r\n\r\n   DataRedisAnnotationDrivenConfiguration#redisMessageListenerContainerConfigurer matched:\r\n      - @ConditionalOnMissingBean (types: org.springframework.boot.data.redis.autoconfigure.RedisMessageListenerContainerConfigurer; SearchStrategy: all) did not find any beans (OnBeanCondition)\r\n\r\n   DataRedisAnnotationDrivenConfiguration.EnableRedisListenersConfiguration matched:\r\n      - @ConditionalOnMissingBean (names: org.springframework.data.redis.config.internalRedisListenerAnnotationProcessor; SearchStrategy: all) did not find any beans (OnBeanCondition)\r\n\r\n   DataRedisAutoConfiguration matched:\r\n      - @ConditionalOnClass found required class 'org.springframework.data.redis.core.RedisOperations' (OnClassCondition)\r\n\r\n   DataRedisAutoConfiguration#redisConnectionDetails matched:\r\n      - @ConditionalOnMissingBean (types: org.springframework.boot.data.redis.autoconfigure.DataRedisConnectionDetails; SearchStrategy: all) did not find any beans (OnBeanCondition)\r\n\r\n   DataRedisAutoConfiguration#redisTemplate matched:\r\n      - @ConditionalOnSingleCandidate (types: org.springframework.data.redis.connection.RedisConnectionFactory; SearchStrategy: all) found a single bean 'redisConnectionFactory'; @ConditionalOnMissingBean (names: redisTemplate; SearchStrategy: all) did not find any beans (OnBeanCondition)\r\n\r\n   DataRedisAutoConfiguration#stringRedisTemplate matched:\r\n      - @ConditionalOnSingleCandidate (types: org.springframework.data.redis.connection.RedisConnectionFactory; SearchStrategy: all) found a single bean 'redisConnectionFactory'; @ConditionalOnMissingBean (types: org.springframework.data.redis.core.StringRedisTemplate; SearchStrategy: all) did not find any beans (OnBeanCondition)\r\n\r\n   DataRedisHealthContributorAutoConfiguration matched:\r\n      - @ConditionalOnClass found required classes 'org.springframework.data.redis.connection.RedisConnectionFactory', 'org.springframework.boot.health.contributor.HealthIndicator', 'org.springframework.boot.health.autoconfigure.contributor.ConditionalOnEnabledHealthIndicator' (OnClassCondition)\r\n      - @ConditionalOnEnabledHealthIndicator management.health.defaults.enabled is considered true (OnEnabledHealthIndicatorCondition)\r\n      - @ConditionalOnBean (types: org.springframework.data.redis.connection.RedisConnectionFactory; SearchStrategy: all) found bean 'redisConnectionFactory' (OnBeanCondition)\r\n\r\n   DataRedisReactiveAutoConfiguration matched:\r\n      - @ConditionalOnClass found required classes 'org.springframework.data.redis.connection.ReactiveRedisConnectionFactory', 'org.springframework.data.redis.core.ReactiveRedisTemplate', 'reactor.core.publisher.Flux' (OnClassCondition)\r\n\r\n   DataRedisReactiveAutoConfiguration#reactiveRedisTemplate matched:\r\n      - @ConditionalOnBean (types: org.springframework.data.redis.connection.ReactiveRedisConnectionFactory; SearchStrategy: all) found bean 'redisConnectionFactory'; @ConditionalOnMissingBean (names: reactiveRedisTemplate; SearchStrategy: all) did not find any beans (OnBeanCondition)\r\n\r\n   DataRedisReactiveAutoConfiguration#reactiveStringRedisTemplate matched:\r\n      - @ConditionalOnBean (types: org.springframework.data.redis.connection.ReactiveRedisConnectionFactory; SearchStrategy: all) found bean 'redisConnectionFactory'; @ConditionalOnMissingBean (names: reactiveStringRedisTemplate; SearchStrategy: all) did not find any beans (OnBeanCondition)\r\n\r\n   DataRedisReactiveHealthContributorAutoConfiguration matched:\r\n      - @ConditionalOnClass found required classes 'org.springframework.data.redis.connection.ReactiveRedisConnectionFactory', 'reactor.core.publisher.Flux', 'org.springframework.boot.health.contributor.ReactiveHealthIndicator', 'org.springframework.boot.health.autoconfigure.contributor.ConditionalOnEnabledHealthIndicator' (OnClassCondition)\r\n      - @ConditionalOnEnabledHealthIndicator management.health.defaults.enabled is considered true (OnEnabledHealthIndicatorCondition)\r\n      - @ConditionalOnBean (types: org.springframework.data.redis.connection.ReactiveRedisConnectionFactory; SearchStrategy: all) found bean 'redisConnectionFactory' (OnBeanCondition)\r\n\r\n   DataRedisRepositoriesAutoConfiguration matched:\r\n      - @ConditionalOnClass found required class 'org.springframework.data.redis.repository.configuration.EnableRedisRepositories' (OnClassCondition)\r\n      - @ConditionalOnBooleanProperty (spring.data.redis.repositories.enabled=true) matched (OnPropertyCondition)\r\n      - @ConditionalOnBean (types: org.springframework.data.redis.connection.RedisConnectionFactory; SearchStrategy: all) found bean 'redisConnectionFactory'; @ConditionalOnMissingBean (types: org.springframework.data.redis.repository.support.RedisRepositoryFactoryBean; SearchStrategy: all) did not find any beans (OnBeanCondition)\r\n\r\n   DataRepositoryMetricsAutoConfiguration matched:\r\n      - @ConditionalOnClass found required class 'org.springframework.data.repository.Repository' (OnClassCondition)\r\n      - @ConditionalOnBean (types: io.micrometer.core.instrument.MeterRegistry; SearchStrategy: all) found bean 'prometheusMeterRegistry' (OnBeanCondition)\r\n\r\n   DataRepositoryMetricsAutoConfiguration#metricsRepositoryMethodInvocationListener matched:\r\n      - @ConditionalOnMissingBean (types: org.springframework.boot.data.metrics.MetricsRepositoryMethodInvocationListener; SearchStrategy: all) did not find any beans (OnBeanCondition)\r\n\r\n   DataRepositoryMetricsAutoConfiguration#repositoryTagsProvider matched:\r\n      - @ConditionalOnMissingBean (types: org.springframework.boot.data.metrics.RepositoryTagsProvider; SearchStrategy: all) did not find any beans (OnBeanCondition)\r\n\r\n   DataSourceAutoConfiguration matched:\r\n      - @ConditionalOnClass found required classes 'javax.sql.DataSource', 'org.springframework.jdbc.datasource.embedded.EmbeddedDatabaseType' (OnClassCondition)\r\n      - @ConditionalOnMissingBean (types: io.r2dbc.spi.ConnectionFactory; SearchStrategy: all) did not find any beans (OnBeanCondition)\r\n\r\n   DataSourceAutoConfiguration.PooledDataSourceConfiguration matched:\r\n      - AnyNestedCondition 1 matched 1 did not; NestedCondition on DataSourceAutoConfiguration.PooledDataSourceCondition.PooledDataSourceAvailable PooledDataSource found supported DataSource; NestedCondition on DataSourceAutoConfiguration.PooledDataSourceCondition.ExplicitType @ConditionalOnProperty (spring.datasource.type) did not find property 'spring.datasource.type' (DataSourceAutoConfiguration.PooledDataSourceCondition)\r\n      - @ConditionalOnMissingBean (types: javax.sql.DataSource,javax.sql.XADataSource; SearchStrategy: all) did not find any beans (OnBeanCondition)\r\n\r\n   DataSourceAutoConfiguration.PooledDataSourceConfiguration#jdbcConnectionDetails matched:\r\n      - @ConditionalOnMissingBean (types: org.springframework.boot.jdbc.autoconfigure.JdbcConnectionDetails; SearchStrategy: all) did not find any beans (OnBeanCondition)\r\n\r\n   DataSourceConfiguration.Hikari matched:\r\n      - @ConditionalOnClass found required class 'com.zaxxer.hikari.HikariDataSource' (OnClassCondition)\r\n      - @ConditionalOnProperty (spring.datasource.type=com.zaxxer.hikari.HikariDataSource) matched (OnPropertyCondition)\r\n      - @ConditionalOnMissingBean (types: javax.sql.DataSource; SearchStrategy: all) did not find any beans (OnBeanCondition)\r\n\r\n   DataSourceHealthContributorAutoConfiguration matched:\r\n      - @ConditionalOnClass found required classes 'org.springframework.jdbc.core.JdbcTemplate', 'org.springframework.jdbc.datasource.lookup.AbstractRoutingDataSource', 'org.springframework.boot.health.autoconfigure.contributor.ConditionalOnEnabledHealthIndicator' (OnClassCondition)\r\n      - @ConditionalOnEnabledHealthIndicator management.health.defaults.enabled is considered true (OnEnabledHealthIndicatorCondition)\r\n      - @ConditionalOnBean (types: javax.sql.DataSource; SearchStrategy: all) found bean 'dataSource' (OnBeanCondition)\r\n\r\n   DataSourceHealthContributorAutoConfiguration#dbHealthContributor matched:\r\n      - @ConditionalOnMissingBean (names: dbHealthIndicator,dbHealthContributor; SearchStrategy: all) did not find any beans (OnBeanCondition)\r\n\r\n   DataSourcePoolMetadataProvidersConfiguration.HikariPoolDataSourceMetadataProviderConfiguration matched:\r\n      - @ConditionalOnClass found required class 'com.zaxxer.hikari.HikariDataSource' (OnClassCondition)\r\n\r\n   DataSourcePoolMetricsAutoConfiguration matched:\r\n      - @ConditionalOnClass found required classes 'javax.sql.DataSource', 'io.micrometer.core.instrument.MeterRegistry' (OnClassCondition)\r\n      - @ConditionalOnBean (types: javax.sql.DataSource,io.micrometer.core.instrument.MeterRegistry; SearchStrategy: all) found beans 'prometheusMeterRegistry', 'dataSource' (OnBeanCondition)\r\n\r\n   DataSourcePoolMetricsAutoConfiguration.DataSourcePoolMetadataMetricsConfiguration matched:\r\n      - @ConditionalOnBean (types: org.springframework.boot.jdbc.metadata.DataSourcePoolMetadataProvider; SearchStrategy: all) found bean 'hikariPoolDataSourceMetadataProvider' (OnBeanCondition)\r\n\r\n   DataSourcePoolMetricsAutoConfiguration.HikariDataSourceMetricsConfiguration matched:\r\n      - @ConditionalOnClass found required class 'com.zaxxer.hikari.HikariDataSource' (OnClassCondition)\r\n\r\n   DataSourceTransactionManagerAutoConfiguration matched:\r\n      - @ConditionalOnClass found required classes 'javax.sql.DataSource', 'org.springframework.jdbc.core.JdbcTemplate', 'org.springframework.transaction.TransactionManager' (OnClassCondition)\r\n\r\n   DataSourceTransactionManagerAutoConfiguration.JdbcTransactionManagerConfiguration matched:\r\n      - @ConditionalOnSingleCandidate (types: javax.sql.DataSource; SearchStrategy: all) found a single bean 'dataSource' (OnBeanCondition)\r\n\r\n   DataWebAutoConfiguration matched:\r\n      - @ConditionalOnClass found required classes 'org.springframework.data.web.PageableHandlerMethodArgumentResolver', 'org.springframework.web.servlet.config.annotation.WebMvcConfigurer' (OnClassCondition)\r\n      - found 'session' scope (OnWebApplicationCondition)\r\n      - @ConditionalOnMissingBean (types: org.springframework.data.web.PageableHandlerMethodArgumentResolver; SearchStrategy: all) did not find any beans (OnBeanCondition)\r\n\r\n   DataWebAutoConfiguration#pageableCustomizer matched:\r\n      - @ConditionalOnMissingBean (types: org.springframework.data.web.config.PageableHandlerMethodArgumentResolverCustomizer; SearchStrategy: all) did not find any beans (OnBeanCondition)\r\n\r\n   DataWebAutoConfiguration#sortCustomizer matched:\r\n      - @ConditionalOnMissingBean (types: org.springframework.data.web.config.SortHandlerMethodArgumentResolverCustomizer; SearchStrategy: all) did not find any beans (OnBeanCondition)\r\n\r\n   DataWebAutoConfiguration#springDataWebSettings matched:\r\n      - @ConditionalOnMissingBean (types: org.springframework.data.web.config.SpringDataWebSettings; SearchStrategy: all) did not find any beans (OnBeanCondition)\r\n\r\n   DiskSpaceHealthContributorAutoConfiguration matched:\r\n      - @ConditionalOnClass found required class 'org.springframework.boot.health.contributor.Health' (OnClassCondition)\r\n      - @ConditionalOnEnabledHealthIndicator management.health.defaults.enabled is considered true (OnEnabledHealthIndicatorCondition)\r\n\r\n   DiskSpaceHealthContributorAutoConfiguration#diskSpaceHealthIndicator matched:\r\n      - @ConditionalOnMissingBean (names: diskSpaceHealthIndicator; SearchStrategy: all) did not find any beans (OnBeanCondition)\r\n\r\n   DispatcherServletAutoConfiguration matched:\r\n      - @ConditionalOnClass found required class 'org.springframework.web.servlet.DispatcherServlet' (OnClassCondition)\r\n      - found 'session' scope (OnWebApplicationCondition)\r\n\r\n   DispatcherServletAutoConfiguration.DispatcherServletConfiguration matched:\r\n      - @ConditionalOnClass found required class 'jakarta.servlet.ServletRegistration' (OnClassCondition)\r\n      - Default DispatcherServlet did not find dispatcher servlet beans (DispatcherServletAutoConfiguration.DefaultDispatcherServletCondition)\r\n\r\n   DispatcherServletAutoConfiguration.DispatcherServletRegistrationConfiguration matched:\r\n      - @ConditionalOnClass found required class 'jakarta.servlet.ServletRegistration' (OnClassCondition)\r\n      - DispatcherServlet Registration did not find servlet registration bean (DispatcherServletAutoConfiguration.DispatcherServletRegistrationCondition)\r\n\r\n   DispatcherServletAutoConfiguration.DispatcherServletRegistrationConfiguration#dispatcherServletRegistration matched:\r\n      - @ConditionalOnBean (names: dispatcherServlet types: org.springframework.web.servlet.DispatcherServlet; SearchStrategy: all) found bean 'dispatcherServlet' (OnBeanCondition)\r\n\r\n   EndpointAutoConfiguration#endpointCachingOperationInvokerAdvisor matched:\r\n      - @ConditionalOnMissingBean (types: org.springframework.boot.actuate.endpoint.invoker.cache.CachingOperationInvokerAdvisor; SearchStrategy: all) did not find any beans (OnBeanCondition)\r\n\r\n   EndpointAutoConfiguration#endpointOperationParameterMapper matched:\r\n      - @ConditionalOnMissingBean (types: org.springframework.boot.actuate.endpoint.invoke.ParameterValueMapper; SearchStrategy: all) did not find any beans (OnBeanCondition)\r\n\r\n   EndpointAutoConfiguration#propertiesEndpointAccessResolver matched:\r\n      - @ConditionalOnMissingBean (types: org.springframework.boot.actuate.endpoint.EndpointAccessResolver; SearchStrategy: all) did not find any beans (OnBeanCondition)\r\n\r\n   ErrorMvcAutoConfiguration matched:\r\n      - @ConditionalOnClass found required classes 'jakarta.servlet.Servlet', 'org.springframework.web.servlet.DispatcherServlet' (OnClassCondition)\r\n      - found 'session' scope (OnWebApplicationCondition)\r\n\r\n   ErrorMvcAutoConfiguration#basicErrorController matched:\r\n      - @ConditionalOnMissingBean (types: org.springframework.boot.webmvc.error.ErrorController; SearchStrategy: current) did not find any beans (OnBeanCondition)\r\n\r\n   ErrorMvcAutoConfiguration#errorAttributes matched:\r\n      - @ConditionalOnMissingBean (types: org.springframework.boot.webmvc.error.ErrorAttributes; SearchStrategy: current) did not find any beans (OnBeanCondition)\r\n\r\n   ErrorMvcAutoConfiguration.DefaultErrorViewResolverConfiguration#conventionErrorViewResolver matched:\r\n      - @ConditionalOnBean (types: org.springframework.web.servlet.DispatcherServlet; SearchStrategy: all) found bean 'dispatcherServlet'; @ConditionalOnMissingBean (types: org.springframework.boot.webmvc.autoconfigure.error.ErrorViewResolver; SearchStrategy: all) did not find any beans (OnBeanCondition)\r\n\r\n   ErrorMvcAutoConfiguration.WhitelabelErrorViewConfiguration matched:\r\n      - @ConditionalOnBooleanProperty (spring.web.error.whitelabel.enabled=true) matched (OnPropertyCondition)\r\n      - ErrorTemplate Missing did not find error template view (ErrorMvcAutoConfiguration.ErrorTemplateMissingCondition)\r\n\r\n   ErrorMvcAutoConfiguration.WhitelabelErrorViewConfiguration#beanNameViewResolver matched:\r\n      - @ConditionalOnMissingBean (types: org.springframework.web.servlet.view.BeanNameViewResolver; SearchStrategy: all) did not find any beans (OnBeanCondition)\r\n\r\n   ErrorMvcAutoConfiguration.WhitelabelErrorViewConfiguration#defaultErrorView matched:\r\n      - @ConditionalOnMissingBean (names: error; SearchStrategy: all) did not find any beans (OnBeanCondition)\r\n\r\n   HealthContributorAutoConfiguration#pingHealthContributor matched:\r\n      - @ConditionalOnEnabledHealthIndicator management.health.defaults.enabled is considered true (OnEnabledHealthIndicatorCondition)\r\n\r\n   HealthContributorRegistryAutoConfiguration#healthContributorRegistry matched:\r\n      - @ConditionalOnMissingBean (types: org.springframework.boot.health.registry.HealthContributorRegistry; SearchStrategy: all) did not find any beans (OnBeanCondition)\r\n\r\n   HealthContributorRegistryAutoConfiguration.ReactiveHealthContributorRegistryConfiguration matched:\r\n      - @ConditionalOnClass found required class 'reactor.core.publisher.Flux' (OnClassCondition)\r\n\r\n   HealthContributorRegistryAutoConfiguration.ReactiveHealthContributorRegistryConfiguration#reactiveHealthContributorRegistry matched:\r\n      - @ConditionalOnMissingBean (types: org.springframework.boot.health.registry.ReactiveHealthContributorRegistry; SearchStrategy: all) did not find any beans (OnBeanCondition)\r\n\r\n   HealthEndpointAutoConfiguration matched:\r\n      - @ConditionalOnClass found required class 'org.springframework.boot.actuate.endpoint.annotation.Endpoint' (OnClassCondition)\r\n      - @ConditionalOnAvailableEndpoint marked as exposed by a 'management.endpoints.web.exposure' property (OnAvailableEndpointCondition)\r\n      - @ConditionalOnBean (types: org.springframework.boot.health.registry.HealthContributorRegistry; SearchStrategy: all) found bean 'healthContributorRegistry' (OnBeanCondition)\r\n\r\n   HealthEndpointConfiguration#healthEndpoint matched:\r\n      - @ConditionalOnMissingBean (types: org.springframework.boot.health.actuate.endpoint.HealthEndpoint; SearchStrategy: all) did not find any beans (OnBeanCondition)\r\n\r\n   HealthEndpointConfiguration#healthEndpointGroupMembershipValidator matched:\r\n      - @ConditionalOnBooleanProperty (management.endpoint.health.validate-group-membership=true) matched (OnPropertyCondition)\r\n\r\n   HealthEndpointConfiguration#healthEndpointGroups matched:\r\n      - @ConditionalOnMissingBean (types: org.springframework.boot.health.actuate.endpoint.HealthEndpointGroups; SearchStrategy: all) did not find any beans (OnBeanCondition)\r\n\r\n   HealthEndpointConfiguration#healthHttpCodeStatusMapper matched:\r\n      - @ConditionalOnMissingBean (types: org.springframework.boot.health.actuate.endpoint.HttpCodeStatusMapper; SearchStrategy: all) did not find any beans (OnBeanCondition)\r\n\r\n   HealthEndpointConfiguration#healthStatusAggregator matched:\r\n      - @ConditionalOnMissingBean (types: org.springframework.boot.health.actuate.endpoint.StatusAggregator; SearchStrategy: all) did not find any beans (OnBeanCondition)\r\n\r\n   HealthEndpointWebExtensionConfiguration matched:\r\n      - found 'session' scope (OnWebApplicationCondition)\r\n      - @ConditionalOnAvailableEndpoint marked as exposed by a 'management.endpoints.web.exposure' property (OnAvailableEndpointCondition)\r\n      - @ConditionalOnBean (types: org.springframework.boot.health.actuate.endpoint.HealthEndpoint; SearchStrategy: all) found bean 'healthEndpoint' (OnBeanCondition)\r\n\r\n   HealthEndpointWebExtensionConfiguration#healthEndpointWebExtension matched:\r\n      - @ConditionalOnMissingBean (types: org.springframework.boot.health.actuate.endpoint.HealthEndpointWebExtension; SearchStrategy: all) did not find any beans (OnBeanCondition)\r\n\r\n   HibernateJpaAutoConfiguration matched:\r\n      - @ConditionalOnClass found required classes 'org.springframework.orm.jpa.LocalContainerEntityManagerFactoryBean', 'jakarta.persistence.EntityManager', 'org.hibernate.engine.spi.SessionImplementor' (OnClassCondition)\r\n\r\n   HibernateJpaConfiguration matched:\r\n      - @ConditionalOnSingleCandidate (types: javax.sql.DataSource; SearchStrategy: all) found a single bean 'dataSource' (OnBeanCondition)\r\n\r\n   HttpEncodingAutoConfiguration matched:\r\n      - @ConditionalOnClass found required class 'org.springframework.web.filter.CharacterEncodingFilter' (OnClassCondition)\r\n      - found 'session' scope (OnWebApplicationCondition)\r\n      - @ConditionalOnBooleanProperty (spring.servlet.encoding.enabled=true) matched (OnPropertyCondition)\r\n\r\n   HttpEncodingAutoConfiguration#characterEncodingFilter matched:\r\n      - @ConditionalOnMissingBean (types: org.springframework.web.filter.CharacterEncodingFilter; SearchStrategy: all) did not find any beans (OnBeanCondition)\r\n\r\n   HttpMessageConvertersAutoConfiguration matched:\r\n      - @ConditionalOnClass found required class 'org.springframework.http.converter.HttpMessageConverter' (OnClassCondition)\r\n      - NoneNestedConditions 0 matched 1 did not; NestedCondition on HttpMessageConvertersAutoConfiguration.NotReactiveWebApplicationCondition.ReactiveWebApplication did not find reactive web application classes (HttpMessageConvertersAutoConfiguration.NotReactiveWebApplicationCondition)\r\n\r\n   HttpMessageConvertersAutoConfiguration.StringHttpMessageConverterConfiguration#stringHttpMessageConvertersCustomizer matched:\r\n      - @ConditionalOnMissingBean (types: org.springframework.http.converter.StringHttpMessageConverter; SearchStrategy: all) did not find any beans (OnBeanCondition)\r\n\r\n   InfoEndpointAutoConfiguration matched:\r\n      - @ConditionalOnAvailableEndpoint marked as exposed by a 'management.endpoints.web.exposure' property (OnAvailableEndpointCondition)\r\n\r\n   InfoEndpointAutoConfiguration#infoEndpoint matched:\r\n      - @ConditionalOnMissingBean (types: org.springframework.boot.actuate.info.InfoEndpoint; SearchStrategy: all) did not find any beans (OnBeanCondition)\r\n\r\n   Jackson2EndpointAutoConfiguration matched:\r\n      - @ConditionalOnClass found required classes 'com.fasterxml.jackson.databind.ObjectMapper', 'org.springframework.http.converter.json.Jackson2ObjectMapperBuilder' (OnClassCondition)\r\n\r\n   Jackson2EndpointAutoConfiguration#jackson2EndpointJsonMapper matched:\r\n      - @ConditionalOnBooleanProperty (management.endpoints.jackson2.isolated-object-mapper=true) matched (OnPropertyCondition)\r\n\r\n   JacksonAutoConfiguration matched:\r\n      - @ConditionalOnClass found required class 'tools.jackson.databind.json.JsonMapper' (OnClassCondition)\r\n\r\n   JacksonAutoConfiguration#jacksonJsonMapper matched:\r\n      - @ConditionalOnMissingBean (types: tools.jackson.databind.json.JsonMapper; SearchStrategy: all) did not find any beans (OnBeanCondition)\r\n\r\n   JacksonAutoConfiguration#jsonFactory matched:\r\n      - @ConditionalOnMissingBean (types: tools.jackson.core.json.JsonFactory; SearchStrategy: all) did not find any beans (OnBeanCondition)\r\n\r\n   JacksonAutoConfiguration#jsonMapperBuilder matched:\r\n      - @ConditionalOnMissingBean (types: tools.jackson.databind.json.JsonMapper$Builder; SearchStrategy: all) did not find any beans (OnBeanCondition)\r\n\r\n   JacksonAutoConfiguration.JsonProblemDetailsConfiguration matched:\r\n      - @ConditionalOnClass found required class 'org.springframework.http.ProblemDetail' (OnClassCondition)\r\n\r\n   JacksonEndpointAutoConfiguration matched:\r\n      - @ConditionalOnClass found required class 'tools.jackson.databind.json.JsonMapper' (OnClassCondition)\r\n\r\n   JacksonEndpointAutoConfiguration#endpointJsonMapper matched:\r\n      - @ConditionalOnBooleanProperty (management.endpoints.jackson.isolated-json-mapper=true) matched (OnPropertyCondition)\r\n\r\n   JacksonHttpMessageConvertersConfiguration.JacksonJsonHttpMessageConverterConfiguration matched:\r\n      - @ConditionalOnClass found required class 'tools.jackson.databind.json.JsonMapper' (OnClassCondition)\r\n      - @ConditionalOnProperty (spring.http.converters.preferred-json-mapper=jackson) matched (OnPropertyCondition)\r\n      - @ConditionalOnBean (types: tools.jackson.databind.json.JsonMapper; SearchStrategy: all) found bean 'jacksonJsonMapper' (OnBeanCondition)\r\n\r\n   JacksonHttpMessageConvertersConfiguration.JacksonJsonHttpMessageConverterConfiguration#jacksonJsonHttpMessageConvertersCustomizer matched:\r\n      - @ConditionalOnMissingBean (types: org.springframework.http.converter.json.JacksonJsonHttpMessageConverter ignored: org.springframework.hateoas.server.mvc.TypeConstrainedJacksonJsonHttpMessageConverter,org.springframework.data.rest.webmvc.alps.AlpsJacksonJsonHttpMessageConverter; SearchStrategy: all) did not find any beans (OnBeanCondition)\r\n\r\n   JdbcClientAutoConfiguration matched:\r\n      - @ConditionalOnSingleCandidate (types: org.springframework.jdbc.core.namedparam.NamedParameterJdbcTemplate; SearchStrategy: all) found a single bean 'namedParameterJdbcTemplate'; @ConditionalOnMissingBean (types: org.springframework.jdbc.core.simple.JdbcClient; SearchStrategy: all) did not find any beans (OnBeanCondition)\r\n\r\n   JdbcTemplateAutoConfiguration matched:\r\n      - @ConditionalOnClass found required classes 'javax.sql.DataSource', 'org.springframework.jdbc.core.JdbcTemplate' (OnClassCondition)\r\n      - @ConditionalOnSingleCandidate (types: javax.sql.DataSource; SearchStrategy: all) found a single bean 'dataSource' (OnBeanCondition)\r\n\r\n   JdbcTemplateConfiguration matched:\r\n      - @ConditionalOnMissingBean (types: org.springframework.jdbc.core.JdbcOperations; SearchStrategy: all) did not find any beans (OnBeanCondition)\r\n\r\n   JpaBaseConfiguration#entityManagerFactory matched:\r\n      - @ConditionalOnMissingBean (types: org.springframework.orm.jpa.LocalContainerEntityManagerFactoryBean,jakarta.persistence.EntityManagerFactory; SearchStrategy: all) did not find any beans (OnBeanCondition)\r\n\r\n   JpaBaseConfiguration#entityManagerFactoryBuilder matched:\r\n      - @ConditionalOnMissingBean (types: org.springframework.boot.jpa.EntityManagerFactoryBuilder; SearchStrategy: all) did not find any beans (OnBeanCondition)\r\n\r\n   JpaBaseConfiguration#jpaVendorAdapter matched:\r\n      - @ConditionalOnMissingBean (types: org.springframework.orm.jpa.JpaVendorAdapter; SearchStrategy: all) did not find any beans (OnBeanCondition)\r\n\r\n   JpaBaseConfiguration#transactionManager matched:\r\n      - @ConditionalOnMissingBean (types: org.springframework.transaction.TransactionManager; SearchStrategy: all) did not find any beans (OnBeanCondition)\r\n\r\n   JpaBaseConfiguration.PersistenceManagedTypesConfiguration matched:\r\n      - @ConditionalOnMissingBean (types: org.springframework.orm.jpa.LocalContainerEntityManagerFactoryBean,jakarta.persistence.EntityManagerFactory; SearchStrategy: all) did not find any beans (OnBeanCondition)\r\n\r\n   JpaBaseConfiguration.PersistenceManagedTypesConfiguration#persistenceManagedTypes matched:\r\n      - @ConditionalOnMissingBean (types: org.springframework.orm.jpa.persistenceunit.PersistenceManagedTypes; SearchStrategy: all) did not find any beans (OnBeanCondition)\r\n\r\n   JtaAutoConfiguration matched:\r\n      - @ConditionalOnClass found required class 'jakarta.transaction.Transaction' (OnClassCondition)\r\n      - @ConditionalOnBooleanProperty (spring.jta.enabled=true) matched (OnPropertyCondition)\r\n\r\n   JvmMetricsAutoConfiguration matched:\r\n      - @ConditionalOnClass found required class 'io.micrometer.core.instrument.MeterRegistry' (OnClassCondition)\r\n      - @ConditionalOnBean (types: io.micrometer.core.instrument.MeterRegistry; SearchStrategy: all) found bean 'prometheusMeterRegistry' (OnBeanCondition)\r\n\r\n   JvmMetricsAutoConfiguration#classLoaderMetrics matched:\r\n      - @ConditionalOnMissingBean (types: io.micrometer.core.instrument.binder.jvm.ClassLoaderMetrics; SearchStrategy: all) did not find any beans (OnBeanCondition)\r\n\r\n   JvmMetricsAutoConfiguration#jvmCompilationMetrics matched:\r\n      - @ConditionalOnMissingBean (types: io.micrometer.core.instrument.binder.jvm.JvmCompilationMetrics; SearchStrategy: all) did not find any beans (OnBeanCondition)\r\n\r\n   JvmMetricsAutoConfiguration#jvmGcMetrics matched:\r\n      - @ConditionalOnMissingBean (types: io.micrometer.core.instrument.binder.jvm.JvmGcMetrics; SearchStrategy: all) did not find any beans (OnBeanCondition)\r\n\r\n   JvmMetricsAutoConfiguration#jvmHeapPressureMetrics matched:\r\n      - @ConditionalOnMissingBean (types: io.micrometer.core.instrument.binder.jvm.JvmHeapPressureMetrics; SearchStrategy: all) did not find any beans (OnBeanCondition)\r\n\r\n   JvmMetricsAutoConfiguration#jvmInfoMetrics matched:\r\n      - @ConditionalOnMissingBean (types: io.micrometer.core.instrument.binder.jvm.JvmInfoMetrics; SearchStrategy: all) did not find any beans (OnBeanCondition)\r\n\r\n   JvmMetricsAutoConfiguration#jvmMemoryMetrics matched:\r\n      - @ConditionalOnMissingBean (types: io.micrometer.core.instrument.binder.jvm.JvmMemoryMetrics; SearchStrategy: all) did not find any beans (OnBeanCondition)\r\n\r\n   JvmMetricsAutoConfiguration#jvmThreadMetrics matched:\r\n      - @ConditionalOnMissingBean (types: io.micrometer.core.instrument.binder.jvm.JvmThreadMetrics; SearchStrategy: all) did not find any beans (OnBeanCondition)\r\n\r\n   LettuceConnectionConfiguration matched:\r\n      - @ConditionalOnClass found required class 'io.lettuce.core.RedisClient' (OnClassCondition)\r\n      - @ConditionalOnProperty (spring.data.redis.client-type=lettuce) matched (OnPropertyCondition)\r\n\r\n   LettuceConnectionConfiguration#lettuceClientResources matched:\r\n      - @ConditionalOnMissingBean (types: io.lettuce.core.resource.ClientResources; SearchStrategy: all) did not find any beans (OnBeanCondition)\r\n\r\n   LettuceConnectionConfiguration#redisConnectionFactory matched:\r\n      - @ConditionalOnMissingBean (types: org.springframework.data.redis.connection.RedisConnectionFactory; SearchStrategy: all) did not find any beans (OnBeanCondition)\r\n      - @ConditionalOnThreading found PLATFORM (OnThreadingCondition)\r\n\r\n   LettuceObservationAutoConfiguration matched:\r\n      - @ConditionalOnClass found required classes 'io.lettuce.core.RedisClient', 'io.lettuce.core.tracing.MicrometerTracing', 'io.micrometer.observation.ObservationRegistry' (OnClassCondition)\r\n      - @ConditionalOnBean (types: io.micrometer.observation.ObservationRegistry; SearchStrategy: all) found bean 'observationRegistry' (OnBeanCondition)\r\n\r\n   LifecycleAutoConfiguration#defaultLifecycleProcessor matched:\r\n      - @ConditionalOnMissingBean (names: lifecycleProcessor; SearchStrategy: current) did not find any beans (OnBeanCondition)\r\n\r\n   LogbackMetricsAutoConfiguration matched:\r\n      - @ConditionalOnClass found required classes 'io.micrometer.core.instrument.MeterRegistry', 'ch.qos.logback.classic.LoggerContext', 'org.slf4j.LoggerFactory' (OnClassCondition)\r\n      - LogbackLoggingCondition ILoggerFactory is a Logback LoggerContext (LogbackMetricsAutoConfiguration.LogbackLoggingCondition)\r\n      - @ConditionalOnBean (types: io.micrometer.core.instrument.MeterRegistry; SearchStrategy: all) found bean 'prometheusMeterRegistry' (OnBeanCondition)\r\n\r\n   LogbackMetricsAutoConfiguration#logbackMetrics matched:\r\n      - @ConditionalOnMissingBean (types: io.micrometer.core.instrument.binder.logging.LogbackMetrics; SearchStrategy: all) did not find any beans (OnBeanCondition)\r\n\r\n   ManagementContextAutoConfiguration.SameManagementContextConfiguration matched:\r\n      - Management Port actual port type (SAME) matched required type (OnManagementPortCondition)\r\n\r\n   MetricsAutoConfiguration matched:\r\n      - @ConditionalOnClass found required class 'io.micrometer.core.annotation.Timed' (OnClassCondition)\r\n\r\n   MetricsAutoConfiguration#micrometerClock matched:\r\n      - @ConditionalOnMissingBean (types: io.micrometer.core.instrument.Clock; SearchStrategy: all) did not find any beans (OnBeanCondition)\r\n\r\n   MultipartAutoConfiguration matched:\r\n      - @ConditionalOnClass found required classes 'jakarta.servlet.Servlet', 'org.springframework.web.multipart.support.StandardServletMultipartResolver', 'jakarta.servlet.MultipartConfigElement' (OnClassCondition)\r\n      - found 'session' scope (OnWebApplicationCondition)\r\n      - @ConditionalOnBooleanProperty (spring.servlet.multipart.enabled=true) matched (OnPropertyCondition)\r\n\r\n   MultipartAutoConfiguration#multipartConfigElement matched:\r\n      - @ConditionalOnMissingBean (types: jakarta.servlet.MultipartConfigElement; SearchStrategy: all) did not find any beans (OnBeanCondition)\r\n\r\n   MultipartAutoConfiguration#multipartResolver matched:\r\n      - @ConditionalOnMissingBean (types: org.springframework.web.multipart.MultipartResolver; SearchStrategy: all) did not find any beans (OnBeanCondition)\r\n\r\n   NamedParameterJdbcTemplateConfiguration matched:\r\n      - @ConditionalOnSingleCandidate (types: org.springframework.jdbc.core.JdbcTemplate; SearchStrategy: all) found a single bean 'jdbcTemplate'; @ConditionalOnMissingBean (types: org.springframework.jdbc.core.namedparam.NamedParameterJdbcOperations; SearchStrategy: all) did not find any beans (OnBeanCondition)\r\n\r\n   NettyAutoConfiguration matched:\r\n      - @ConditionalOnClass found required class 'io.netty.util.NettyRuntime' (OnClassCondition)\r\n\r\n   ObservationAutoConfiguration matched:\r\n      - @ConditionalOnClass found required class 'io.micrometer.observation.ObservationRegistry' (OnClassCondition)\r\n\r\n   ObservationAutoConfiguration#observationRegistry matched:\r\n      - @ConditionalOnMissingBean (types: io.micrometer.observation.ObservationRegistry; SearchStrategy: all) did not find any beans (OnBeanCondition)\r\n\r\n   ObservationAutoConfiguration#spelValueExpressionResolver matched:\r\n      - @ConditionalOnMissingBean (types: io.micrometer.common.annotation.ValueExpressionResolver; SearchStrategy: all) did not find any beans (OnBeanCondition)\r\n\r\n   PersistenceExceptionTranslationAutoConfiguration matched:\r\n      - @ConditionalOnClass found required class 'org.springframework.dao.annotation.PersistenceExceptionTranslationPostProcessor' (OnClassCondition)\r\n\r\n   PersistenceExceptionTranslationAutoConfiguration#persistenceExceptionTranslationPostProcessor matched:\r\n      - @ConditionalOnBooleanProperty (spring.persistence.exceptiontranslation.enabled=true) matched (OnPropertyCondition)\r\n      - @ConditionalOnMissingBean (types: org.springframework.dao.annotation.PersistenceExceptionTranslationPostProcessor; SearchStrategy: all) did not find any beans (OnBeanCondition)\r\n\r\n   PrometheusMetricsExportAutoConfiguration matched:\r\n      - @ConditionalOnClass found required class 'io.micrometer.prometheusmetrics.PrometheusMeterRegistry' (OnClassCondition)\r\n      - @ConditionalOnEnabledMetricsExport management.defaults.metrics.export.enabled is considered true (OnMetricsExportEnabledCondition)\r\n      - @ConditionalOnBean (types: io.micrometer.core.instrument.Clock; SearchStrategy: all) found bean 'micrometerClock' (OnBeanCondition)\r\n\r\n   PrometheusMetricsExportAutoConfiguration#prometheusConfig matched:\r\n      - @ConditionalOnMissingBean (types: io.micrometer.prometheusmetrics.PrometheusConfig; SearchStrategy: all) did not find any beans (OnBeanCondition)\r\n\r\n   PrometheusMetricsExportAutoConfiguration#prometheusMeterRegistry matched:\r\n      - @ConditionalOnMissingBean (types: io.micrometer.prometheusmetrics.PrometheusMeterRegistry; SearchStrategy: all) did not find any beans (OnBeanCondition)\r\n\r\n   PrometheusMetricsExportAutoConfiguration#prometheusRegistry matched:\r\n      - @ConditionalOnMissingBean (types: io.prometheus.metrics.model.registry.PrometheusRegistry; SearchStrategy: all) did not find any beans (OnBeanCondition)\r\n\r\n   PrometheusMetricsExportAutoConfiguration.PrometheusScrapeEndpointConfiguration matched:\r\n      - @ConditionalOnClass found required classes 'org.springframework.boot.micrometer.metrics.autoconfigure.export.prometheus.PrometheusScrapeEndpoint', 'org.springframework.boot.actuate.autoconfigure.endpoint.condition.ConditionalOnAvailableEndpoint' (OnClassCondition)\r\n      - @ConditionalOnAvailableEndpoint marked as exposed by a 'management.endpoints.web.exposure' property (OnAvailableEndpointCondition)\r\n\r\n   PrometheusMetricsExportAutoConfiguration.PrometheusScrapeEndpointConfiguration#prometheusEndpoint matched:\r\n      - @ConditionalOnMissingBean (types: org.springframework.boot.micrometer.metrics.autoconfigure.export.prometheus.PrometheusScrapeEndpoint; SearchStrategy: all) did not find any beans (OnBeanCondition)\r\n\r\n   PropertyPlaceholderAutoConfiguration#propertySourcesPlaceholderConfigurer matched:\r\n      - @ConditionalOnMissingBean (types: org.springframework.context.support.PropertySourcesPlaceholderConfigurer; SearchStrategy: current) did not find any beans (OnBeanCondition)\r\n\r\n   ScheduledTasksObservationAutoConfiguration matched:\r\n      - @ConditionalOnClass found required class 'org.springframework.scheduling.concurrent.ThreadPoolTaskScheduler' (OnClassCondition)\r\n      - @ConditionalOnBean (types: io.micrometer.observation.ObservationRegistry; SearchStrategy: all) found bean 'observationRegistry' (OnBeanCondition)\r\n\r\n   SecurityAutoConfiguration matched:\r\n      - @ConditionalOnClass found required class 'org.springframework.security.authentication.DefaultAuthenticationEventPublisher' (OnClassCondition)\r\n\r\n   SecurityAutoConfiguration#authenticationEventPublisher matched:\r\n      - @ConditionalOnMissingBean (types: org.springframework.security.authentication.AuthenticationEventPublisher; SearchStrategy: all) did not find any beans (OnBeanCondition)\r\n\r\n   SecurityFilterAutoConfiguration matched:\r\n      - @ConditionalOnClass found required classes 'org.springframework.security.web.context.AbstractSecurityWebApplicationInitializer', 'org.springframework.security.config.http.SessionCreationPolicy' (OnClassCondition)\r\n      - found 'session' scope (OnWebApplicationCondition)\r\n\r\n   SecurityFilterAutoConfiguration#securityFilterChainRegistration matched:\r\n      - @ConditionalOnBean (names: springSecurityFilterChain; SearchStrategy: all) found bean 'springSecurityFilterChain' (OnBeanCondition)\r\n\r\n   SecurityRequestMatchersManagementContextConfiguration matched:\r\n      - @ConditionalOnClass found required class 'org.springframework.security.web.util.matcher.RequestMatcher' (OnClassCondition)\r\n      - found 'session' scope (OnWebApplicationCondition)\r\n\r\n   SecurityRequestMatchersManagementContextConfiguration.MvcRequestMatcherConfiguration matched:\r\n      - @ConditionalOnClass found required class 'org.springframework.web.servlet.DispatcherServlet' (OnClassCondition)\r\n      - @ConditionalOnBean (types: org.springframework.boot.webmvc.autoconfigure.DispatcherServletPath; SearchStrategy: all) found bean 'dispatcherServletRegistration' (OnBeanCondition)\r\n\r\n   SecurityRequestMatchersManagementContextConfiguration.MvcRequestMatcherConfiguration#requestMatcherProvider matched:\r\n      - @ConditionalOnMissingBean (types: org.springframework.boot.security.autoconfigure.actuate.web.servlet.RequestMatcherProvider; SearchStrategy: all) did not find any beans (OnBeanCondition)\r\n\r\n   ServletEndpointManagementContextConfiguration matched:\r\n      - found 'session' scope (OnWebApplicationCondition)\r\n\r\n   ServletManagementContextAutoConfiguration matched:\r\n      - @ConditionalOnClass found required classes 'jakarta.servlet.Servlet', 'org.springframework.boot.actuate.autoconfigure.endpoint.web.WebEndpointProperties' (OnClassCondition)\r\n      - found 'session' scope (OnWebApplicationCondition)\r\n\r\n   ServletWebSecurityAutoConfiguration matched:\r\n      - @ConditionalOnClass found required class 'org.springframework.security.config.annotation.web.configuration.EnableWebSecurity' (OnClassCondition)\r\n      - found 'session' scope (OnWebApplicationCondition)\r\n\r\n   ServletWebSecurityAutoConfiguration.PathPatternRequestMatcherBuilderConfiguration matched:\r\n      - @ConditionalOnClass found required class 'org.springframework.boot.webmvc.autoconfigure.DispatcherServletPath' (OnClassCondition)\r\n      - @ConditionalOnBean (types: org.springframework.boot.webmvc.autoconfigure.DispatcherServletPath; SearchStrategy: all) found bean 'dispatcherServletRegistration' (OnBeanCondition)\r\n\r\n   ServletWebSecurityAutoConfiguration.PathPatternRequestMatcherBuilderConfiguration#pathPatternRequestMatcherBuilder matched:\r\n      - @ConditionalOnMissingBean (types: org.springframework.security.web.servlet.util.matcher.PathPatternRequestMatcher$Builder; SearchStrategy: all) did not find any beans (OnBeanCondition)\r\n\r\n   SslAutoConfiguration#sslBundleRegistry matched:\r\n      - @ConditionalOnMissingBean (types: org.springframework.boot.ssl.SslBundleRegistry,org.springframework.boot.ssl.SslBundles; SearchStrategy: all) did not find any beans (OnBeanCondition)\r\n\r\n   SslHealthContributorAutoConfiguration matched:\r\n      - @ConditionalOnClass found required class 'org.springframework.boot.health.contributor.Health' (OnClassCondition)\r\n      - @ConditionalOnEnabledHealthIndicator management.health.defaults.enabled is considered true (OnEnabledHealthIndicatorCondition)\r\n\r\n   SslHealthContributorAutoConfiguration#sslHealthIndicator matched:\r\n      - @ConditionalOnMissingBean (names: sslHealthIndicator; SearchStrategy: all) did not find any beans (OnBeanCondition)\r\n\r\n   SslHealthContributorAutoConfiguration#sslInfo matched:\r\n      - @ConditionalOnMissingBean (types: org.springframework.boot.info.SslInfo; SearchStrategy: all) did not find any beans (OnBeanCondition)\r\n\r\n   SslMetricsAutoConfiguration matched:\r\n      - @ConditionalOnClass found required class 'io.micrometer.core.instrument.MeterRegistry' (OnClassCondition)\r\n      - @ConditionalOnBean (types: io.micrometer.core.instrument.MeterRegistry,org.springframework.boot.ssl.SslBundles; SearchStrategy: all) found beans 'prometheusMeterRegistry', 'sslBundleRegistry' (OnBeanCondition)\r\n\r\n   StartupTimeMetricsListenerAutoConfiguration matched:\r\n      - @ConditionalOnClass found required class 'io.micrometer.core.instrument.MeterRegistry' (OnClassCondition)\r\n      - @ConditionalOnBean (types: io.micrometer.core.instrument.MeterRegistry; SearchStrategy: all) found bean 'prometheusMeterRegistry' (OnBeanCondition)\r\n\r\n   StartupTimeMetricsListenerAutoConfiguration#startupTimeMetrics matched:\r\n      - @ConditionalOnMissingBean (types: org.springframework.boot.micrometer.metrics.startup.StartupTimeMetricsListener; SearchStrategy: all) did not find any beans (OnBeanCondition)\r\n\r\n   SystemMetricsAutoConfiguration matched:\r\n      - @ConditionalOnClass found required class 'io.micrometer.core.instrument.MeterRegistry' (OnClassCondition)\r\n      - @ConditionalOnBean (types: io.micrometer.core.instrument.MeterRegistry; SearchStrategy: all) found bean 'prometheusMeterRegistry' (OnBeanCondition)\r\n\r\n   SystemMetricsAutoConfiguration#diskSpaceMetrics matched:\r\n      - @ConditionalOnMissingBean (types: org.springframework.boot.micrometer.metrics.system.DiskSpaceMetricsBinder; SearchStrategy: all) did not find any beans (OnBeanCondition)\r\n\r\n   SystemMetricsAutoConfiguration#fileDescriptorMetrics matched:\r\n      - @ConditionalOnMissingBean (types: io.micrometer.core.instrument.binder.system.FileDescriptorMetrics; SearchStrategy: all) did not find any beans (OnBeanCondition)\r\n\r\n   SystemMetricsAutoConfiguration#processorMetrics matched:\r\n      - @ConditionalOnMissingBean (types: io.micrometer.core.instrument.binder.system.ProcessorMetrics; SearchStrategy: all) did not find any beans (OnBeanCondition)\r\n\r\n   SystemMetricsAutoConfiguration#uptimeMetrics matched:\r\n      - @ConditionalOnMissingBean (types: io.micrometer.core.instrument.binder.system.UptimeMetrics; SearchStrategy: all) did not find any beans (OnBeanCondition)\r\n\r\n   TaskExecutionAutoConfiguration matched:\r\n      - @ConditionalOnClass found required class 'org.springframework.scheduling.concurrent.ThreadPoolTaskExecutor' (OnClassCondition)\r\n\r\n   TaskExecutorConfigurations.SimpleAsyncTaskExecutorBuilderConfiguration#simpleAsyncTaskExecutorBuilder matched:\r\n      - @ConditionalOnMissingBean (types: org.springframework.boot.task.SimpleAsyncTaskExecutorBuilder; SearchStrategy: all) did not find any beans (OnBeanCondition)\r\n      - @ConditionalOnThreading found PLATFORM (OnThreadingCondition)\r\n\r\n   TaskExecutorConfigurations.ThreadPoolTaskExecutorBuilderConfiguration#threadPoolTaskExecutorBuilder matched:\r\n      - @ConditionalOnMissingBean (types: org.springframework.boot.task.ThreadPoolTaskExecutorBuilder; SearchStrategy: all) did not find any beans (OnBeanCondition)\r\n\r\n   TaskExecutorMetricsAutoConfiguration matched:\r\n      - @ConditionalOnClass found required class 'io.micrometer.core.instrument.binder.jvm.ExecutorServiceMetrics' (OnClassCondition)\r\n      - @ConditionalOnBean (types: java.util.concurrent.Executor,io.micrometer.core.instrument.MeterRegistry; SearchStrategy: all) found beans 'clientOutboundChannelExecutor', 'prometheusMeterRegistry', 'webSocketTaskExecutor', 'clientInboundChannelExecutor', 'brokerChannelExecutor' (OnBeanCondition)\r\n\r\n   TaskSchedulingAutoConfiguration matched:\r\n      - @ConditionalOnClass found required class 'org.springframework.scheduling.concurrent.ThreadPoolTaskScheduler' (OnClassCondition)\r\n\r\n   TaskSchedulingConfigurations.SimpleAsyncTaskSchedulerBuilderConfiguration#simpleAsyncTaskSchedulerBuilder matched:\r\n      - @ConditionalOnMissingBean (types: org.springframework.boot.task.SimpleAsyncTaskSchedulerBuilder; SearchStrategy: all) did not find any beans (OnBeanCondition)\r\n      - @ConditionalOnThreading found PLATFORM (OnThreadingCondition)\r\n\r\n   TaskSchedulingConfigurations.ThreadPoolTaskSchedulerBuilderConfiguration#threadPoolTaskSchedulerBuilder matched:\r\n      - @ConditionalOnMissingBean (types: org.springframework.boot.task.ThreadPoolTaskSchedulerBuilder; SearchStrategy: all) did not find any beans (OnBeanCondition)\r\n\r\n   TomcatMetricsAutoConfiguration matched:\r\n      - @ConditionalOnClass found required classes 'io.micrometer.core.instrument.binder.tomcat.TomcatMetrics', 'org.apache.catalina.Manager', 'io.micrometer.core.instrument.MeterRegistry' (OnClassCondition)\r\n      - @ConditionalOnWebApplication (required) found 'session' scope (OnWebApplicationCondition)\r\n\r\n   TomcatMetricsAutoConfiguration#tomcatMetricsBinder matched:\r\n      - @ConditionalOnBean (types: io.micrometer.core.instrument.MeterRegistry; SearchStrategy: all) found bean 'prometheusMeterRegistry'; @ConditionalOnMissingBean (types: io.micrometer.core.instrument.binder.tomcat.TomcatMetrics,org.springframework.boot.tomcat.metrics.TomcatMetricsBinder; SearchStrategy: all) did not find any beans (OnBeanCondition)\r\n\r\n   TomcatServletWebServerAutoConfiguration matched:\r\n      - @ConditionalOnClass found required classes 'jakarta.servlet.ServletRequest', 'org.apache.catalina.startup.Tomcat', 'org.apache.coyote.UpgradeProtocol', 'org.springframework.boot.tomcat.servlet.TomcatServletWebServerFactory' (OnClassCondition)\r\n      - found 'session' scope (OnWebApplicationCondition)\r\n\r\n   TomcatServletWebServerAutoConfiguration#tomcatServletWebServerFactory matched:\r\n      - @ConditionalOnMissingBean (types: org.springframework.boot.web.server.servlet.ServletWebServerFactory; SearchStrategy: current) did not find any beans (OnBeanCondition)\r\n\r\n   TransactionAutoConfiguration matched:\r\n      - @ConditionalOnClass found required class 'org.springframework.transaction.PlatformTransactionManager' (OnClassCondition)\r\n\r\n   TransactionAutoConfiguration.EnableTransactionManagementConfiguration matched:\r\n      - @ConditionalOnBean (types: org.springframework.transaction.TransactionManager; SearchStrategy: all) found bean 'transactionManager'; @ConditionalOnMissingBean (types: org.springframework.transaction.annotation.AbstractTransactionManagementConfiguration; SearchStrategy: all) did not find any beans (OnBeanCondition)\r\n\r\n   TransactionAutoConfiguration.EnableTransactionManagementConfiguration.CglibAutoProxyConfiguration matched:\r\n      - @ConditionalOnBooleanProperty (spring.aop.proxy-target-class=true) matched (OnPropertyCondition)\r\n\r\n   TransactionAutoConfiguration.TransactionTemplateConfiguration matched:\r\n      - @ConditionalOnSingleCandidate (types: org.springframework.transaction.PlatformTransactionManager; SearchStrategy: all) found a single bean 'transactionManager' (OnBeanCondition)\r\n\r\n   TransactionAutoConfiguration.TransactionTemplateConfiguration#transactionTemplate matched:\r\n      - @ConditionalOnMissingBean (types: org.springframework.transaction.support.TransactionOperations; SearchStrategy: all) did not find any beans (OnBeanCondition)\r\n\r\n   TransactionManagerCustomizationAutoConfiguration matched:\r\n      - @ConditionalOnClass found required class 'org.springframework.transaction.PlatformTransactionManager' (OnClassCondition)\r\n\r\n   TransactionManagerCustomizationAutoConfiguration#platformTransactionManagerCustomizers matched:\r\n      - @ConditionalOnMissingBean (types: org.springframework.boot.transaction.autoconfigure.TransactionManagerCustomizers; SearchStrategy: all) did not find any beans (OnBeanCondition)\r\n\r\n   UserDetailsServiceAutoConfiguration matched:\r\n      - @ConditionalOnClass found required class 'org.springframework.security.authentication.AuthenticationManager' (OnClassCondition)\r\n      - found 'session' scope (OnWebApplicationCondition)\r\n      - AnyNestedCondition 1 matched 2 did not; NestedCondition on MissingAlternativeUserDetailsManagerOrUserPropertiesConfigured.PasswordConfigured @ConditionalOnProperty (spring.security.user.password) did not find property 'spring.security.user.password'; NestedCondition on MissingAlternativeUserDetailsManagerOrUserPropertiesConfigured.NameConfigured @ConditionalOnProperty (spring.security.user.name) did not find property 'spring.security.user.name'; NestedCondition on MissingAlternativeUserDetailsManagerOrUserPropertiesConfigured.MissingAlternative @ConditionalOnMissingClass did not find unwanted classes 'org.springframework.security.oauth2.client.registration.ClientRegistrationRepository', 'org.springframework.security.oauth2.server.resource.introspection.OpaqueTokenIntrospector', 'org.springframework.security.saml2.provider.service.registration.RelyingPartyRegistrationRepository' (MissingAlternativeUserDetailsManagerOrUserPropertiesConfigured)\r\n      - @ConditionalOnMissingBean (types: org.springframework.security.authentication.AuthenticationManager,org.springframework.security.authentication.AuthenticationProvider,org.springframework.security.core.userdetails.UserDetailsService,org.springframework.security.authentication.AuthenticationManagerResolver,org.springframework.security.oauth2.jwt.JwtDecoder; SearchStrategy: all) did not find any beans (OnBeanCondition)\r\n\r\n   ValidationAutoConfiguration matched:\r\n      - @ConditionalOnClass found required class 'jakarta.validation.executable.ExecutableValidator' (OnClassCondition)\r\n      - @ConditionalOnResource found location classpath:META-INF/services/jakarta.validation.spi.ValidationProvider (OnResourceCondition)\r\n\r\n   ValidationAutoConfiguration#defaultValidator matched:\r\n      - @ConditionalOnMissingBean (types: jakarta.validation.Validator; SearchStrategy: all) did not find any beans (OnBeanCondition)\r\n\r\n   ValidationAutoConfiguration#methodValidationPostProcessor matched:\r\n      - @ConditionalOnMissingBean (types: org.springframework.validation.beanvalidation.MethodValidationPostProcessor; SearchStrategy: current) did not find any beans (OnBeanCondition)\r\n\r\n   WebEndpointAutoConfiguration matched:\r\n      - @ConditionalOnWebApplication (required) found 'session' scope (OnWebApplicationCondition)\r\n\r\n   WebEndpointAutoConfiguration#controllerEndpointDiscoverer matched:\r\n      - @ConditionalOnMissingBean (types: org.springframework.boot.actuate.endpoint.web.annotation.ControllerEndpointsSupplier; SearchStrategy: all) did not find any beans (OnBeanCondition)\r\n\r\n   WebEndpointAutoConfiguration#endpointMediaTypes matched:\r\n      - @ConditionalOnMissingBean (types: org.springframework.boot.actuate.endpoint.web.EndpointMediaTypes; SearchStrategy: all) did not find any beans (OnBeanCondition)\r\n\r\n   WebEndpointAutoConfiguration#pathMappedEndpoints matched:\r\n      - @ConditionalOnMissingBean (types: org.springframework.boot.actuate.endpoint.web.PathMappedEndpoints; SearchStrategy: all) did not find any beans (OnBeanCondition)\r\n\r\n   WebEndpointAutoConfiguration#webEndpointDiscoverer matched:\r\n      - @ConditionalOnMissingBean (types: org.springframework.boot.actuate.endpoint.web.WebEndpointsSupplier; SearchStrategy: all) did not find any beans (OnBeanCondition)\r\n\r\n   WebEndpointAutoConfiguration.WebEndpointServletConfiguration matched:\r\n      - found 'session' scope (OnWebApplicationCondition)\r\n\r\n   WebEndpointAutoConfiguration.WebEndpointServletConfiguration#servletEndpointDiscoverer matched:\r\n      - @ConditionalOnMissingBean (types: org.springframework.boot.actuate.endpoint.web.annotation.ServletEndpointsSupplier; SearchStrategy: all) did not find any beans (OnBeanCondition)\r\n\r\n   WebMvcAutoConfiguration matched:\r\n      - @ConditionalOnClass found required classes 'jakarta.servlet.Servlet', 'org.springframework.web.servlet.DispatcherServlet', 'org.springframework.web.servlet.config.annotation.WebMvcConfigurer' (OnClassCondition)\r\n      - found 'session' scope (OnWebApplicationCondition)\r\n      - @ConditionalOnMissingBean (types: org.springframework.web.servlet.config.annotation.WebMvcConfigurationSupport; SearchStrategy: all) did not find any beans (OnBeanCondition)\r\n\r\n   WebMvcAutoConfiguration#formContentFilter matched:\r\n      - @ConditionalOnBooleanProperty (spring.mvc.formcontent.filter.enabled=true) matched (OnPropertyCondition)\r\n      - @ConditionalOnMissingBean (types: org.springframework.web.filter.FormContentFilter; SearchStrategy: all) did not find any beans (OnBeanCondition)\r\n\r\n   WebMvcAutoConfiguration.EnableWebMvcConfiguration#flashMapManager matched:\r\n      - @ConditionalOnMissingBean (names: flashMapManager; SearchStrategy: all) did not find any beans (OnBeanCondition)\r\n\r\n   WebMvcAutoConfiguration.EnableWebMvcConfiguration#localeResolver matched:\r\n      - @ConditionalOnMissingBean (names: localeResolver; SearchStrategy: all) did not find any beans (OnBeanCondition)\r\n\r\n   WebMvcAutoConfiguration.EnableWebMvcConfiguration#viewNameTranslator matched:\r\n      - @ConditionalOnMissingBean (names: viewNameTranslator; SearchStrategy: all) did not find any beans (OnBeanCondition)\r\n\r\n   WebMvcAutoConfiguration.WebMvcAutoConfigurationAdapter#defaultViewResolver matched:\r\n      - @ConditionalOnMissingBean (types: org.springframework.web.servlet.view.InternalResourceViewResolver; SearchStrategy: all) did not find any beans (OnBeanCondition)\r\n\r\n   WebMvcAutoConfiguration.WebMvcAutoConfigurationAdapter#requestContextFilter matched:\r\n      - @ConditionalOnMissingBean (types: org.springframework.web.context.request.RequestContextListener,org.springframework.web.filter.RequestContextFilter; SearchStrategy: all) did not find any beans (OnBeanCondition)\r\n\r\n   WebMvcAutoConfiguration.WebMvcAutoConfigurationAdapter#viewResolver matched:\r\n      - @ConditionalOnBean (types: org.springframework.web.servlet.ViewResolver; SearchStrategy: all) found beans 'defaultViewResolver', 'beanNameViewResolver', 'mvcViewResolver'; @ConditionalOnMissingBean (names: viewResolver types: org.springframework.web.servlet.view.ContentNegotiatingViewResolver; SearchStrategy: all) did not find any beans (OnBeanCondition)\r\n\r\n   WebMvcEndpointManagementContextConfiguration matched:\r\n      - found 'session' scope (OnWebApplicationCondition)\r\n      - @ConditionalOnBean (types: org.springframework.web.servlet.DispatcherServlet,org.springframework.boot.actuate.endpoint.web.WebEndpointsSupplier; SearchStrategy: all) found beans 'webEndpointDiscoverer', 'dispatcherServlet' (OnBeanCondition)\r\n\r\n   WebMvcEndpointManagementContextConfiguration#controllerEndpointHandlerMapping matched:\r\n      - @ConditionalOnMissingBean (types: org.springframework.boot.webmvc.actuate.endpoint.web.ControllerEndpointHandlerMapping; SearchStrategy: all) did not find any beans (OnBeanCondition)\r\n\r\n   WebMvcEndpointManagementContextConfiguration#endpointJackson2ObjectMapperWebMvcConfigurer matched:\r\n      - @ConditionalOnBean (types: org.springframework.boot.actuate.endpoint.jackson.EndpointJackson2ObjectMapper; SearchStrategy: all) found bean 'jackson2EndpointJsonMapper' (OnBeanCondition)\r\n\r\n   WebMvcEndpointManagementContextConfiguration#endpointJsonMapperWebMvcConfigurer matched:\r\n      - @ConditionalOnBean (types: org.springframework.boot.actuate.endpoint.jackson.EndpointJsonMapper; SearchStrategy: all) found bean 'endpointJsonMapper' (OnBeanCondition)\r\n\r\n   WebMvcEndpointManagementContextConfiguration#webEndpointServletHandlerMapping matched:\r\n      - @ConditionalOnMissingBean (types: org.springframework.boot.webmvc.actuate.endpoint.web.WebMvcEndpointHandlerMapping; SearchStrategy: all) did not find any beans (OnBeanCondition)\r\n\r\n   WebMvcEndpointManagementContextConfiguration.HealthConfiguration matched:\r\n      - @ConditionalOnClass found required class 'org.springframework.boot.health.actuate.endpoint.HealthEndpoint' (OnClassCondition)\r\n\r\n   WebMvcHealthEndpointExtensionAutoConfiguration matched:\r\n      - @ConditionalOnClass found required class 'org.springframework.boot.health.actuate.endpoint.HealthEndpoint' (OnClassCondition)\r\n      - found 'session' scope (OnWebApplicationCondition)\r\n      - @ConditionalOnAvailableEndpoint marked as exposed by a 'management.endpoints.web.exposure' property (OnAvailableEndpointCondition)\r\n      - @ConditionalOnBean (types: org.springframework.boot.health.actuate.endpoint.HealthEndpoint,org.springframework.boot.actuate.endpoint.web.WebEndpointsSupplier,org.springframework.boot.health.actuate.endpoint.HealthEndpointGroups; SearchStrategy: all) found beans 'webEndpointDiscoverer', 'healthEndpoint', 'healthEndpointGroups' (OnBeanCondition)\r\n\r\n   WebMvcObservationAutoConfiguration matched:\r\n      - @ConditionalOnClass found required classes 'org.springframework.web.servlet.DispatcherServlet', 'io.micrometer.observation.Observation', 'org.springframework.boot.micrometer.observation.autoconfigure.ObservationProperties' (OnClassCondition)\r\n      - found 'session' scope (OnWebApplicationCondition)\r\n      - @ConditionalOnBean (types: io.micrometer.observation.ObservationRegistry; SearchStrategy: all) found bean 'observationRegistry' (OnBeanCondition)\r\n\r\n   WebMvcObservationAutoConfiguration#webMvcObservationFilter matched:\r\n      - @ConditionalOnMissingBean (types: org.springframework.web.filter.ServerHttpObservationFilter; SearchStrategy: all) did not find any beans (OnBeanCondition)\r\n\r\n   WebMvcObservationAutoConfiguration.MeterFilterConfiguration matched:\r\n      - @ConditionalOnClass found required classes 'io.micrometer.core.instrument.MeterRegistry', 'org.springframework.boot.micrometer.metrics.autoconfigure.MetricsProperties' (OnClassCondition)\r\n      - @ConditionalOnBean (types: io.micrometer.core.instrument.MeterRegistry; SearchStrategy: all) found bean 'prometheusMeterRegistry' (OnBeanCondition)\r\n\r\n   WebSocketMessagingAutoConfiguration matched:\r\n      - @ConditionalOnClass found required classes 'org.springframework.web.socket.config.annotation.WebSocketMessageBrokerConfigurer', 'org.springframework.web.socket.config.annotation.DelegatingWebSocketMessageBrokerConfiguration' (OnClassCondition)\r\n      - found 'session' scope (OnWebApplicationCondition)\r\n      - @ConditionalOnBean (types: org.springframework.web.socket.config.annotation.DelegatingWebSocketMessageBrokerConfiguration; SearchStrategy: all) found bean 'org.springframework.web.socket.config.annotation.DelegatingWebSocketMessageBrokerConfiguration' (OnBeanCondition)\r\n\r\n   WebSocketMessagingAutoConfiguration.JacksonWebSocketMessageConverterConfiguration matched:\r\n      - @ConditionalOnClass found required class 'tools.jackson.databind.json.JsonMapper' (OnClassCondition)\r\n      - @ConditionalOnProperty (spring.websocket.messaging.preferred-json-mapper=jackson) matched (OnPropertyCondition)\r\n      - @ConditionalOnBean (types: tools.jackson.databind.json.JsonMapper; SearchStrategy: all) found bean 'jacksonJsonMapper' (OnBeanCondition)\r\n\r\n\r\nNegative matches:\r\n-----------------\r\n\r\n   AopAutoConfiguration.AspectJAutoProxyingConfiguration.JdkDynamicAutoProxyConfiguration:\r\n      Did not match:\r\n         - @ConditionalOnBooleanProperty (spring.aop.proxy-target-class=false) did not find property 'spring.aop.proxy-target-class' (OnPropertyCondition)\r\n\r\n   AopAutoConfiguration.ClassProxyingConfiguration:\r\n      Did not match:\r\n         - @ConditionalOnMissingClass found unwanted class 'org.aspectj.weaver.Advice' (OnClassCondition)\r\n\r\n   AppOpticsMetricsExportAutoConfiguration:\r\n      Did not match:\r\n         - @ConditionalOnClass did not find required class 'io.micrometer.appoptics.AppOpticsMeterRegistry' (OnClassCondition)\r\n\r\n   AtlasMetricsExportAutoConfiguration:\r\n      Did not match:\r\n         - @ConditionalOnClass did not find required class 'io.micrometer.atlas.AtlasMeterRegistry' (OnClassCondition)\r\n\r\n   AuditAutoConfiguration:\r\n      Did not match:\r\n         - @ConditionalOnBean (types: org.springframework.boot.actuate.audit.AuditEventRepository; SearchStrategy: all) did not find any beans of type org.springframework.boot.actuate.audit.AuditEventRepository (OnBeanCondition)\r\n      Matched:\r\n         - @ConditionalOnBooleanProperty (management.auditevents.enabled=true) matched (OnPropertyCondition)\r\n\r\n   AuditEventsEndpointAutoConfiguration:\r\n      Did not match:\r\n         - @ConditionalOnAvailableEndpoint not exposed (OnAvailableEndpointCondition)\r\n\r\n   AvailabilityHealthContributorAutoConfiguration#livenessStateHealthIndicator:\r\n      Did not match:\r\n         - @ConditionalOnBooleanProperty (management.health.livenessstate.enabled=true) did not find property 'management.health.livenessstate.enabled' (OnPropertyCondition)\r\n\r\n   AvailabilityHealthContributorAutoConfiguration#readinessStateHealthIndicator:\r\n      Did not match:\r\n         - @ConditionalOnBooleanProperty (management.health.readinessstate.enabled=true) did not find property 'management.health.readinessstate.enabled' (OnPropertyCondition)\r\n\r\n   BeansEndpointAutoConfiguration:\r\n      Did not match:\r\n         - @ConditionalOnAvailableEndpoint not exposed (OnAvailableEndpointCondition)\r\n\r\n   CompositeMeterRegistryConfiguration:\r\n      Did not match:\r\n         - NoneNestedConditions 1 matched 1 did not; NestedCondition on CompositeMeterRegistryConfiguration.MultipleNonPrimaryMeterRegistriesCondition.SingleInjectableMeterRegistry @ConditionalOnSingleCandidate (types: io.micrometer.core.instrument.MeterRegistry; SearchStrategy: all) found a single bean 'prometheusMeterRegistry'; NestedCondition on CompositeMeterRegistryConfiguration.MultipleNonPrimaryMeterRegistriesCondition.NoMeterRegistryCondition @ConditionalOnMissingBean (types: io.micrometer.core.instrument.MeterRegistry; SearchStrategy: all) found beans of type 'io.micrometer.core.instrument.MeterRegistry' prometheusMeterRegistry (CompositeMeterRegistryConfiguration.MultipleNonPrimaryMeterRegistriesCondition)\r\n\r\n   ConditionsReportEndpointAutoConfiguration:\r\n      Did not match:\r\n         - @ConditionalOnAvailableEndpoint not exposed (OnAvailableEndpointCondition)\r\n\r\n   ConfigurationPropertiesReportEndpointAutoConfiguration:\r\n      Did not match:\r\n         - @ConditionalOnAvailableEndpoint not exposed (OnAvailableEndpointCondition)\r\n\r\n   DataJpaRepositoriesAutoConfiguration#entityManagerFactoryBootstrapExecutorCustomizer:\r\n      Did not match:\r\n         - @ConditionalOnProperty (spring.data.jpa.repositories.bootstrap-mode=deferred) did not find property 'spring.data.jpa.repositories.bootstrap-mode' (OnPropertyCondition)\r\n\r\n   DataRedisHealthContributorAutoConfiguration#redisHealthContributor:\r\n      Did not match:\r\n         - @ConditionalOnMissingBean (names: redisHealthIndicator,redisHealthContributor; SearchStrategy: all) found beans named redisHealthIndicator (OnBeanCondition)\r\n\r\n   DataRedisReactiveHealthContributorAutoConfiguration#redisHealthContributor:\r\n      Did not match:\r\n         - @ConditionalOnMissingBean (names: redisHealthIndicator,redisHealthContributor; SearchStrategy: all) found beans named redisHealthIndicator (OnBeanCondition)\r\n\r\n   DataSourceAutoConfiguration.EmbeddedDatabaseConfiguration:\r\n      Did not match:\r\n         - EmbeddedDataSource spring.datasource.url is set (DataSourceAutoConfiguration.EmbeddedDatabaseCondition)\r\n\r\n   DataSourceCheckpointRestoreConfiguration:\r\n      Did not match:\r\n         - @ConditionalOnClass did not find required class 'org.crac.Resource' (OnClassCondition)\r\n\r\n   DataSourceConfiguration.Dbcp2:\r\n      Did not match:\r\n         - @ConditionalOnClass did not find required class 'org.apache.commons.dbcp2.BasicDataSource' (OnClassCondition)\r\n\r\n   DataSourceConfiguration.Generic:\r\n      Did not match:\r\n         - @ConditionalOnProperty (spring.datasource.type) did not find property 'spring.datasource.type' (OnPropertyCondition)\r\n\r\n   DataSourceConfiguration.OracleUcp:\r\n      Did not match:\r\n         - @ConditionalOnClass did not find required classes 'oracle.ucp.jdbc.PoolDataSourceImpl', 'oracle.jdbc.OracleConnection' (OnClassCondition)\r\n\r\n   DataSourceConfiguration.Tomcat:\r\n      Did not match:\r\n         - @ConditionalOnClass did not find required class 'org.apache.tomcat.jdbc.pool.DataSource' (OnClassCondition)\r\n\r\n   DataSourceInitializationAutoConfiguration:\r\n      Did not match:\r\n         - SQL InitializationDatabase Initialization spring.sql.init.mode is NEVER (OnSqlInitializationCondition)\r\n      Matched:\r\n         - @ConditionalOnClass found required class 'org.springframework.jdbc.datasource.init.DatabasePopulator' (OnClassCondition)\r\n\r\n   DataSourceJmxConfiguration:\r\n      Did not match:\r\n         - @ConditionalOnBooleanProperty (spring.jmx.enabled=true) found different value in property 'spring.jmx.enabled' (OnPropertyCondition)\r\n\r\n   DataSourcePoolMetadataProvidersConfiguration.CommonsDbcp2PoolDataSourceMetadataProviderConfiguration:\r\n      Did not match:\r\n         - @ConditionalOnClass did not find required class 'org.apache.commons.dbcp2.BasicDataSource' (OnClassCondition)\r\n\r\n   DataSourcePoolMetadataProvidersConfiguration.OracleUcpPoolDataSourceMetadataProviderConfiguration:\r\n      Did not match:\r\n         - @ConditionalOnClass did not find required classes 'oracle.ucp.jdbc.PoolDataSource', 'oracle.jdbc.OracleConnection' (OnClassCondition)\r\n\r\n   DataSourcePoolMetadataProvidersConfiguration.TomcatDataSourcePoolMetadataProviderConfiguration:\r\n      Did not match:\r\n         - @ConditionalOnClass did not find required class 'org.apache.tomcat.jdbc.pool.DataSource' (OnClassCondition)\r\n\r\n   DataSourceTransactionManagerAutoConfiguration.JdbcTransactionManagerConfiguration#transactionManager:\r\n      Did not match:\r\n         - @ConditionalOnMissingBean (types: org.springframework.transaction.TransactionManager; SearchStrategy: all) found beans of type 'org.springframework.transaction.TransactionManager' transactionManager (OnBeanCondition)\r\n\r\n   DatadogMetricsExportAutoConfiguration:\r\n      Did not match:\r\n         - @ConditionalOnClass did not find required class 'io.micrometer.datadog.DatadogMeterRegistry' (OnClassCondition)\r\n\r\n   DevToolsDataSourceAutoConfiguration:\r\n      Did not match:\r\n         - Devtools devtools is disabled for current context. (OnEnabledDevToolsCondition)\r\n      Matched:\r\n         - @ConditionalOnClass found required class 'javax.sql.DataSource' (OnClassCondition)\r\n\r\n   DevToolsR2dbcAutoConfiguration:\r\n      Did not match:\r\n         - @ConditionalOnClass did not find required class 'io.r2dbc.spi.ConnectionFactory' (OnClassCondition)\r\n\r\n   DispatcherServletAutoConfiguration.DispatcherServletConfiguration#multipartResolver:\r\n      Did not match:\r\n         - @ConditionalOnBean (types: org.springframework.web.multipart.MultipartResolver; SearchStrategy: all) did not find any beans of type org.springframework.web.multipart.MultipartResolver (OnBeanCondition)\r\n\r\n   DynatraceMetricsExportAutoConfiguration:\r\n      Did not match:\r\n         - @ConditionalOnClass did not find required class 'io.micrometer.dynatrace.DynatraceMeterRegistry' (OnClassCondition)\r\n\r\n   ElasticMetricsExportAutoConfiguration:\r\n      Did not match:\r\n         - @ConditionalOnClass did not find required class 'io.micrometer.elastic.ElasticMeterRegistry' (OnClassCondition)\r\n\r\n   EnvironmentEndpointAutoConfiguration:\r\n      Did not match:\r\n         - @ConditionalOnAvailableEndpoint not exposed (OnAvailableEndpointCondition)\r\n\r\n   GangliaMetricsExportAutoConfiguration:\r\n      Did not match:\r\n         - @ConditionalOnClass did not find required class 'io.micrometer.ganglia.GangliaMeterRegistry' (OnClassCondition)\r\n\r\n   GraphiteMetricsExportAutoConfiguration:\r\n      Did not match:\r\n         - @ConditionalOnClass did not find required class 'io.micrometer.graphite.GraphiteMeterRegistry' (OnClassCondition)\r\n\r\n   GsonHttpMessageConvertersConfiguration:\r\n      Did not match:\r\n         - @ConditionalOnClass did not find required class 'com.google.gson.Gson' (OnClassCondition)\r\n\r\n   HealthEndpointReactiveWebExtensionConfiguration:\r\n      Did not match:\r\n         - did not find reactive web application classes (OnWebApplicationCondition)\r\n\r\n   HeapDumpWebEndpointAutoConfiguration:\r\n      Did not match:\r\n         - @ConditionalOnAvailableEndpoint the configured access for endpoint 'heapdump' is NONE (OnAvailableEndpointCondition)\r\n\r\n   HibernateMetricsAutoConfiguration:\r\n      Did not matc
[...]
ion.ObservedAspectConfiguration:\r\n      Did not match:\r\n         - @ConditionalOnBooleanProperty (management.observations.annotations.enabled=true) did not find property 'management.observations.annotations.enabled' (OnPropertyCondition)\r\n      Matched:\r\n         - @ConditionalOnClass found required class 'org.aspectj.weaver.Advice' (OnClassCondition)\r\n\r\n   OtlpMetricsExportAutoConfiguration:\r\n      Did not match:\r\n         - @ConditionalOnClass did not find required class 'io.micrometer.registry.otlp.OtlpMeterRegistry' (OnClassCondition)\r\n\r\n   ProjectInfoAutoConfiguration#buildProperties:\r\n      Did not match:\r\n         - @ConditionalOnResource did not find resource '${spring.info.build.location:classpath:META-INF/build-info.properties}' (OnResourceCondition)\r\n\r\n   ProjectInfoAutoConfiguration#gitProperties:\r\n      Did not match:\r\n         - GitResource did not find git info at classpath:git.properties (ProjectInfoAutoConfiguration.GitResourceAvailableCondition)\r\n\r\n   PrometheusMetricsExportAutoConfiguration.PrometheusPushGatewayConfiguration:\r\n      Did not match:\r\n         - @ConditionalOnClass did not find required class 'io.prometheus.metrics.exporter.pushgateway.PushGateway' (OnClassCondition)\r\n\r\n   RSocketSecurityAutoConfiguration:\r\n      Did not match:\r\n         - @ConditionalOnClass did not find required class 'org.springframework.boot.rsocket.server.RSocketServerCustomizer' (OnClassCondition)\r\n\r\n   ReactiveManagementWebSecurityAutoConfiguration:\r\n      Did not match:\r\n         - @ConditionalOnWebApplication did not find reactive web application classes (OnWebApplicationCondition)\r\n\r\n   ReactiveUserDetailsServiceAutoConfiguration:\r\n      Did not match:\r\n         - AnyNestedCondition 0 matched 2 did not; NestedCondition on ReactiveUserDetailsServiceAutoConfiguration.RSocketEnabledOrReactiveWebApplication.ReactiveWebApplicationCondition did not find reactive web application classes; NestedCondition on ReactiveUserDetailsServiceAutoConfiguration.RSocketEnabledOrReactiveWebApplication.RSocketSecurityEnabledCondition @ConditionalOnBean (types: org.springframework.messaging.rsocket.annotation.support.RSocketMessageHandler; SearchStrategy: all) did not find any beans of type org.springframework.messaging.rsocket.annotation.support.RSocketMessageHandler (ReactiveUserDetailsServiceAutoConfiguration.RSocketEnabledOrReactiveWebApplication)\r\n      Matched:\r\n         - @ConditionalOnClass found required class 'org.springframework.security.authentication.ReactiveAuthenticationManager' (OnClassCondition)\r\n         - AnyNestedCondition 1 matched 2 did not; NestedCondition on MissingAlternativeUserDetailsManagerOrUserPropertiesConfigured.PasswordConfigured @ConditionalOnProperty (spring.security.user.password) did not find property 'spring.security.user.password'; NestedCondition on MissingAlternativeUserDetailsManagerOrUserPropertiesConfigured.NameConfigured @ConditionalOnProperty (spring.security.user.name) did not find property 'spring.security.user.name'; NestedCondition on MissingAlternativeUserDetailsManagerOrUserPropertiesConfigured.MissingAlternative @ConditionalOnMissingClass did not find unwanted classes 'org.springframework.security.oauth2.client.registration.ClientRegistrationRepository', 'org.springframework.security.oauth2.server.resource.introspection.OpaqueTokenIntrospector', 'org.springframework.security.saml2.provider.service.registration.RelyingPartyRegistrationRepository' (MissingAlternativeUserDetailsManagerOrUserPropertiesConfigured)\r\n\r\n   ReactiveWebSecurityAutoConfiguration:\r\n      Did not match:\r\n         - @ConditionalOnClass did not find required class 'org.springframework.web.reactive.config.WebFluxConfigurer' (OnClassCondition)\r\n\r\n   RemoteDevToolsAutoConfiguration:\r\n      Did not match:\r\n         - @ConditionalOnProperty (spring.devtools.remote.secret) did not find property 'spring.devtools.remote.secret' (OnPropertyCondition)\r\n      Matched:\r\n         - @ConditionalOnClass found required classes 'jakarta.servlet.Filter', 'org.springframework.http.server.ServerHttpRequest', 'org.springframework.boot.web.server.autoconfigure.ServerProperties' (OnClassCondition)\r\n\r\n   SbomEndpointAutoConfiguration:\r\n      Did not match:\r\n         - @ConditionalOnAvailableEndpoint not exposed (OnAvailableEndpointCondition)\r\n\r\n   ScheduledTasksEndpointAutoConfiguration:\r\n      Did not match:\r\n         - @ConditionalOnAvailableEndpoint not exposed (OnAvailableEndpointCondition)\r\n\r\n   SecurityAutoConfiguration.SecurityDataConfiguration:\r\n      Did not match:\r\n         - @ConditionalOnClass did not find required class 'org.springframework.security.data.repository.query.SecurityEvaluationContextExtension' (OnClassCondition)\r\n\r\n   SecurityRequestMatchersManagementContextConfiguration.JerseyRequestMatcherConfiguration:\r\n      Did not match:\r\n         - @ConditionalOnClass did not find required class 'org.glassfish.jersey.server.ResourceConfig' (OnClassCondition)\r\n\r\n   ServletHttpExchangesAutoConfiguration:\r\n      Did not match:\r\n         - @ConditionalOnBean (types: org.springframework.boot.actuate.web.exchanges.HttpExchangeRepository; SearchStrategy: all) did not find any beans of type org.springframework.boot.actuate.web.exchanges.HttpExchangeRepository (OnBeanCondition)\r\n      Matched:\r\n         - found 'session' scope (OnWebApplicationCondition)\r\n         - @ConditionalOnBooleanProperty (management.httpexchanges.recording.enabled=true) matched (OnPropertyCondition)\r\n\r\n   ServletManagementContextAutoConfiguration.ApplicationContextFilterConfiguration:\r\n      Did not match:\r\n         - @ConditionalOnBooleanProperty (management.server.add-application-context-header=true) did not find property 'management.server.add-application-context-header' (OnPropertyCondition)\r\n\r\n   ServletMappingsAutoConfiguration:\r\n      Did not match:\r\n         - @ConditionalOnAvailableEndpoint not exposed (OnAvailableEndpointCondition)\r\n      Matched:\r\n         - @ConditionalOnClass found required classes 'org.springframework.boot.actuate.autoconfigure.endpoint.condition.ConditionalOnAvailableEndpoint', 'org.springframework.boot.actuate.web.mappings.MappingsEndpoint' (OnClassCondition)\r\n         - found 'session' scope (OnWebApplicationCondition)\r\n\r\n   ServletWebSecurityAutoConfiguration.EnableWebSecurityConfiguration:\r\n      Did not match:\r\n         - @ConditionalOnMissingBean (names: springSecurityFilterChain; SearchStrategy: all) found beans named springSecurityFilterChain (OnBeanCondition)\r\n      Matched:\r\n         - @ConditionalOnClass found required class 'org.springframework.security.config.annotation.web.configuration.EnableWebSecurity' (OnClassCondition)\r\n\r\n   ServletWebSecurityAutoConfiguration.SecurityFilterChainConfiguration:\r\n      Did not match:\r\n         - AllNestedConditions 1 matched 1 did not; NestedCondition on DefaultWebSecurityCondition.Beans @ConditionalOnMissingBean (types: org.springframework.security.web.SecurityFilterChain; SearchStrategy: all) found beans of type 'org.springframework.security.web.SecurityFilterChain' securityFilterChain; NestedCondition on DefaultWebSecurityCondition.Classes @ConditionalOnClass found required classes 'org.springframework.security.web.SecurityFilterChain', 'org.springframework.security.config.annotation.web.builders.HttpSecurity' (DefaultWebSecurityCondition)\r\n\r\n   ServletWebServerConfiguration#forwardedHeaderFilter:\r\n      Did not match:\r\n         - @ConditionalOnProperty (server.forward-headers-strategy=framework) did not find property 'server.forward-headers-strategy' (OnPropertyCondition)\r\n\r\n   ShutdownEndpointAutoConfiguration:\r\n      Did not match:\r\n         - @ConditionalOnAvailableEndpoint the configured access for endpoint 'shutdown' is NONE (OnAvailableEndpointCondition)\r\n\r\n   SimpleMetricsExportAutoConfiguration:\r\n      Did not match:\r\n         - @ConditionalOnMissingBean (types: io.micrometer.core.instrument.MeterRegistry; SearchStrategy: all) found beans of type 'io.micrometer.core.instrument.MeterRegistry' prometheusMeterRegistry (OnBeanCondition)\r\n      Matched:\r\n         - @ConditionalOnEnabledMetricsExport management.defaults.metrics.export.enabled is considered true (OnMetricsExportEnabledCondition)\r\n\r\n   SpringApplicationAdminJmxAutoConfiguration:\r\n      Did not match:\r\n         - @ConditionalOnBooleanProperty (spring.application.admin.enabled=true) did not find property 'spring.application.admin.enabled' (OnPropertyCondition)\r\n\r\n   StackdriverMetricsExportAutoConfiguration:\r\n      Did not match:\r\n         - @ConditionalOnClass did not find required class 'io.micrometer.stackdriver.StackdriverMeterRegistry' (OnClassCondition)\r\n\r\n   StartupEndpointAutoConfiguration:\r\n      Did not match:\r\n         - ApplicationStartup configured applicationStartup is of type class org.springframework.core.metrics.DefaultApplicationStartup, expected BufferingApplicationStartup. (StartupEndpointAutoConfiguration.ApplicationStartupCondition)\r\n\r\n   StatsdMetricsExportAutoConfiguration:\r\n      Did not match:\r\n         - @ConditionalOnClass did not find required class 'io.micrometer.statsd.StatsdMeterRegistry' (OnClassCondition)\r\n\r\n   TaskExecutorConfigurations.SimpleAsyncTaskExecutorBuilderConfiguration#simpleAsyncTaskExecutorBuilderVirtualThreads:\r\n      Did not match:\r\n         - @ConditionalOnMissingBean (types: org.springframework.boot.task.SimpleAsyncTaskExecutorBuilder; SearchStrategy: all) found beans of type 'org.springframework.boot.task.SimpleAsyncTaskExecutorBuilder' simpleAsyncTaskExecutorBuilder (OnBeanCondition)\r\n\r\n   TaskExecutorConfigurations.TaskExecutorConfiguration:\r\n      Did not match:\r\n         - AnyNestedCondition 0 matched 2 did not; NestedCondition on TaskExecutorConfigurations.OnExecutorCondition.ModelCondition @ConditionalOnProperty (spring.task.execution.mode=force) did not find property 'spring.task.execution.mode'; NestedCondition on TaskExecutorConfigurations.OnExecutorCondition.ExecutorBeanCondition @ConditionalOnMissingBean (types: java.util.concurrent.Executor; SearchStrategy: all) found beans of type 'java.util.concurrent.Executor' clientInboundChannelExecutor, clientOutboundChannelExecutor, brokerChannelExecutor, webSocketTaskExecutor (TaskExecutorConfigurations.OnExecutorCondition)\r\n\r\n   TaskExecutorConfigurations.TaskExecutorContextPropagationConfiguration:\r\n      Did not match:\r\n         - @ConditionalOnClass did not find required class 'io.micrometer.context.ContextSnapshot' (OnClassCondition)\r\n\r\n   TaskSchedulingAutoConfiguration#scheduledBeanLazyInitializationExcludeFilter:\r\n      Did not match:\r\n         - @ConditionalOnBean (names: org.springframework.scheduling.config.internalScheduledAnnotationProcessor; SearchStrategy: all) did not find any beans named org.springframework.scheduling.config.internalScheduledAnnotationProcessor (OnBeanCondition)\r\n\r\n   TaskSchedulingConfigurations.SimpleAsyncTaskSchedulerBuilderConfiguration#simpleAsyncTaskSchedulerBuilderVirtualThreads:\r\n      Did not match:\r\n         - @ConditionalOnMissingBean (types: org.springframework.boot.task.SimpleAsyncTaskSchedulerBuilder; SearchStrategy: all) found beans of type 'org.springframework.boot.task.SimpleAsyncTaskSchedulerBuilder' simpleAsyncTaskSchedulerBuilder (OnBeanCondition)\r\n\r\n   TaskSchedulingConfigurations.TaskSchedulerConfiguration:\r\n      Did not match:\r\n         - @ConditionalOnBean (names: org.springframework.scheduling.config.internalScheduledAnnotationProcessor; SearchStrategy: all) did not find any beans named org.springframework.scheduling.config.internalScheduledAnnotationProcessor (OnBeanCondition)\r\n\r\n   ThreadDumpEndpointAutoConfiguration:\r\n      Did not match:\r\n         - @ConditionalOnAvailableEndpoint not exposed (OnAvailableEndpointCondition)\r\n\r\n   TomcatReactiveManagementContextAutoConfiguration:\r\n      Did not match:\r\n         - @ConditionalOnWebApplication did not find reactive web application classes (OnWebApplicationCondition)\r\n\r\n   TomcatReactiveWebServerAutoConfiguration:\r\n      Did not match:\r\n         - @ConditionalOnWebApplication did not find reactive web application classes (OnWebApplicationCondition)\r\n\r\n   TomcatServletManagementContextAutoConfiguration:\r\n      Did not match:\r\n         - Management Port actual port type (SAME) did not match required type (DIFFERENT) (OnManagementPortCondition)\r\n      Matched:\r\n         - @ConditionalOnClass found required class 'org.springframework.boot.actuate.autoconfigure.web.server.ManagementContextFactory' (OnClassCondition)\r\n         - found 'session' scope (OnWebApplicationCondition)\r\n\r\n   TomcatServletWebServerAutoConfiguration#tomcatForwardedHeaderFilterCustomizer:\r\n      Did not match:\r\n         - @ConditionalOnProperty (server.forward-headers-strategy=framework) did not find property 'server.forward-headers-strategy' (OnPropertyCondition)\r\n\r\n   TomcatWebServerConfiguration:\r\n      Did not match:\r\n         - Application is deployed as a WAR file. (OnWarDeploymentCondition)\r\n\r\n   TransactionAutoConfiguration#transactionalOperator:\r\n      Did not match:\r\n         - @ConditionalOnSingleCandidate (types: org.springframework.transaction.ReactiveTransactionManager; SearchStrategy: all) did not find any beans (OnBeanCondition)\r\n\r\n   TransactionAutoConfiguration.AspectJTransactionManagementConfiguration:\r\n      Did not match:\r\n         - @ConditionalOnBean (types: org.springframework.transaction.aspectj.AbstractTransactionAspect; SearchStrategy: all) did not find any beans of type org.springframework.transaction.aspectj.AbstractTransactionAspect (OnBeanCondition)\r\n\r\n   TransactionAutoConfiguration.EnableTransactionManagementConfiguration.JdkDynamicAutoProxyConfiguration:\r\n      Did not match:\r\n         - @ConditionalOnBooleanProperty (spring.aop.proxy-target-class=false) did not find property 'spring.aop.proxy-target-class' (OnPropertyCondition)\r\n\r\n   WebMvcAutoConfiguration#hiddenHttpMethodFilter:\r\n      Did not match:\r\n         - @ConditionalOnBooleanProperty (spring.mvc.hiddenmethod.filter.enabled=true) did not find property 'spring.mvc.hiddenmethod.filter.enabled' (OnPropertyCondition)\r\n\r\n   WebMvcAutoConfiguration.ProblemDetailsErrorHandlingConfiguration:\r\n      Did not match:\r\n         - @ConditionalOnBooleanProperty (spring.mvc.problemdetails.enabled=true) did not find property 'spring.mvc.problemdetails.enabled' (OnPropertyCondition)\r\n\r\n   WebMvcAutoConfiguration.ResourceChainCustomizerConfiguration:\r\n      Did not match:\r\n         - @ConditionalOnEnabledResourceChain did not find class org.webjars.WebJarVersionLocator (OnEnabledResourceChainCondition)\r\n\r\n   WebMvcAutoConfiguration.WebMvcAutoConfigurationAdapter#beanNameViewResolver:\r\n      Did not match:\r\n         - @ConditionalOnMissingBean (types: org.springframework.web.servlet.view.BeanNameViewResolver; SearchStrategy: all) found beans of type 'org.springframework.web.servlet.view.BeanNameViewResolver' beanNameViewResolver (OnBeanCondition)\r\n\r\n   WebMvcEndpointManagementContextConfiguration.HealthConfiguration#managementHealthEndpointWebMvcHandlerMapping:\r\n      Did not match:\r\n         - Management Port actual port type (SAME) did not match required type (DIFFERENT) (OnManagementPortCondition)\r\n\r\n   WebMvcMappingsAutoConfiguration:\r\n      Did not match:\r\n         - @ConditionalOnAvailableEndpoint not exposed (OnAvailableEndpointCondition)\r\n      Matched:\r\n         - @ConditionalOnClass found required classes 'org.springframework.boot.actuate.autoconfigure.endpoint.condition.ConditionalOnAvailableEndpoint', 'org.springframework.web.servlet.DispatcherServlet', 'org.springframework.boot.actuate.web.mappings.MappingsEndpoint' (OnClassCondition)\r\n         - found 'session' scope (OnWebApplicationCondition)\r\n\r\n   WebSocketMessagingAutoConfiguration.Jackson2WebSocketMessageConverterConfiguration:\r\n      Did not match:\r\n         - AnyNestedCondition 0 matched 2 did not; NestedCondition on WebSocketMessagingAutoConfiguration.NoJacksonOrJackson2Preferred.Jackson2Preferred @ConditionalOnProperty (spring.websocket.messaging.preferred-json-mapper=jackson2) did not find property 'spring.websocket.messaging.preferred-json-mapper'; NestedCondition on WebSocketMessagingAutoConfiguration.NoJacksonOrJackson2Preferred.NoJackson @ConditionalOnMissingClass found unwanted class 'tools.jackson.databind.json.JsonMapper' (WebSocketMessagingAutoConfiguration.NoJacksonOrJackson2Preferred)\r\n      Matched:\r\n         - @ConditionalOnClass found required class 'com.fasterxml.jackson.databind.ObjectMapper' (OnClassCondition)\r\n\r\n   XADataSourceAutoConfiguration:\r\n      Did not match:\r\n         - @ConditionalOnBean (types: org.springframework.boot.jdbc.XADataSourceWrapper; SearchStrategy: all) did not find any beans of type org.springframework.boot.jdbc.XADataSourceWrapper (OnBeanCondition)\r\n      Matched:\r\n         - @ConditionalOnClass found required classes 'javax.sql.DataSource', 'jakarta.transaction.TransactionManager', 'org.springframework.jdbc.datasource.embedded.EmbeddedDatabaseType' (OnClassCondition)\r\n\r\n\r\nExclusions:\r\n-----------\r\n\r\n    None\r\n\r\n\r\nUnconditional classes:\r\n----------------------\r\n\r\n    org.springframework.boot.health.autoconfigure.registry.HealthContributorRegistryAutoConfiguration\r\n\r\n    org.springframework.boot.autoconfigure.context.ConfigurationPropertiesAutoConfiguration\r\n\r\n    org.springframework.boot.autoconfigure.ssl.SslAutoConfiguration\r\n\r\n    org.springframework.boot.actuate.autoconfigure.info.InfoContributorAutoConfiguration\r\n\r\n    org.springframework.boot.autoconfigure.context.PropertyPlaceholderAutoConfiguration\r\n\r\n    org.springframework.boot.autoconfigure.context.LifecycleAutoConfiguration\r\n\r\n    org.springframework.boot.actuate.autoconfigure.endpoint.EndpointAutoConfiguration\r\n\r\n    org.springframework.boot.autoconfigure.availability.ApplicationAvailabilityAutoConfiguration\r\n\r\n    org.springframework.boot.health.autoconfigure.contributor.HealthContributorAutoConfiguration\r\n\r\n    org.springframework.boot.autoconfigure.info.ProjectInfoAutoConfiguration\r\n\r\n    org.springframework.boot.actuate.autoconfigure.web.server.ManagementContextAutoConfiguration\r\n\r\n\r\n","logger":"org.springframework.boot.autoconfigure.logging.ConditionEvaluationReportLogger","thread":"main","level":"DEBUG","level_value":10000,"tags":["COMMONS-LOGGING"]}
{"timestamp":"2026-09-14T09:50:22.624791+01:00","@version":"1","message":"Started VerdiktBackendApplicationTests in 40.347 seconds (process running for 60.027)","logger":"com.verdikt.verdikt_backend.VerdiktBackendApplicationTests","thread":"main","level":"INFO","level_value":20000,"tags":["COMMONS-LOGGING"]}
{"timestamp":"2026-09-14T09:50:23.4372284+01:00","@version":"1","message":"Application availability state LivenessState changed to CORRECT","logger":"org.springframework.boot.availability.ApplicationAvailabilityBean","thread":"main","level":"DEBUG","level_value":10000,"tags":["COMMONS-LOGGING"]}
{"timestamp":"2026-09-14T09:50:23.4519686+01:00","@version":"1","message":"Creating new Restarter for thread Thread[#1,main,5,main]","logger":"org.springframework.boot.devtools.restart.Restarter","thread":"main","level":"DEBUG","level_value":10000,"tags":["COMMONS-LOGGING"]}
{"timestamp":"2026-09-14T09:50:23.4534927+01:00","@version":"1","message":"Application availability state ReadinessState changed to ACCEPTING_TRAFFIC","logger":"org.springframework.boot.availability.ApplicationAvailabilityBean","thread":"main","level":"DEBUG","level_value":10000,"tags":["COMMONS-LOGGING"]}
]]></system-out>
  </testcase>
</testsuite>