<?xml version="1.0" encoding="UTF-8"?>
<testsuite xmlns:xsi="http://www.w3.org/2001/XMLSchema-instance" xsi:noNamespaceSchemaLocation="https://maven.apache.org/surefire/maven-surefire-plugin/xsd/surefire-test-report.xsd" version="3.0.2" name="com.verdikt.verdikt_backend.VerdiktBackendApplicationTests" time="22.908" tests="1" errors="0" skipped="0" failures="0" flakes="0">
  <properties>
[...]
</properties>
  <testcase name="contextLoads" classname="com.verdikt.verdikt_backend.VerdiktBackendApplicationTests" time="0.04">
    <system-out><![CDATA[15:19:28.557 [main] INFO org.springframework.test.context.support.AnnotationConfigContextLoaderUtils -- Could not detect default configuration classes for test class [com.verdikt.verdikt_backend.VerdiktBackendApplicationTests]: VerdiktBackendApplicationTests does not declare any static, non-private, non-final, nested classes annotated with @Configuration.
15:19:29.294 [main] INFO org.springframework.boot.test.context.SpringBootTestContextBootstrapper -- Found @SpringBootConfiguration com.verdikt.verdikt_backend.VerdiktBackendApplication for test class com.verdikt.verdikt_backend.VerdiktBackendApplicationTests
15:19:29.661 [main] INFO org.springframework.test.context.support.AnnotationConfigContextLoaderUtils -- Could not detect default configuration classes for test class [com.verdikt.verdikt_backend.VerdiktBackendApplicationTests]: VerdiktBackendApplicationTests does not declare any static, non-private, non-final, nested classes annotated with @Configuration.
15:19:29.668 [main] INFO org.springframework.boot.test.context.SpringBootTestContextBootstrapper -- Found @SpringBootConfiguration com.verdikt.verdikt_backend.VerdiktBackendApplication for test class com.verdikt.verdikt_backend.VerdiktBackendApplicationTests
15:19:29.901 [main] INFO org.springframework.boot.devtools.restart.RestartApplicationListener -- Restart disabled due to context in which it is running

  .   ____          _            __ _ _
 /\\ / ___'_ __ _ _(_)_ __  __ _ \ \ \ \
( ( )\___ | '_ | '_| | '_ \/ _` | \ \ \ \
 \\/  ___)| |_)| | | | | || (_| |  ) ) ) )
  '  |____| .__|_| |_|_| |_\__, | / / / /
 =========|_|==============|___/=/_/_/_/

 :: Spring Boot ::                (v4.1.0)

2026-07-02T15:19:30.865+01:00  INFO 30436 --- [verdikt-backend] [           main] c.v.v.VerdiktBackendApplicationTests     : Starting VerdiktBackendApplicationTests using Java 24 with PID 30436 (started by Sumayyah in C:\Users\Sumayyah\Desktop\project\verdikt\verdikt-backend)
2026-07-02T15:19:30.869+01:00  INFO 30436 --- [verdikt-backend] [           main] c.v.v.VerdiktBackendApplicationTests     : No active profile set, falling back to 1 default profile: "default"
2026-07-02T15:19:33.736+01:00  INFO 30436 --- [verdikt-backend] [           main] .s.d.r.c.RepositoryConfigurationDelegate : Bootstrapping Spring Data JPA repositories in DEFAULT mode.
2026-07-02T15:19:34.040+01:00  INFO 30436 --- [verdikt-backend] [           main] .s.d.r.c.RepositoryConfigurationDelegate : Finished Spring Data repository scanning in 263 ms. Found 5 JPA repository interfaces.
2026-07-02T15:19:35.778+01:00  INFO 30436 --- [verdikt-backend] [           main] org.hibernate.orm.jpa                    : HHH008540: Processing PersistenceUnitInfo [name: default]
2026-07-02T15:19:36.006+01:00  INFO 30436 --- [verdikt-backend] [           main] org.hibernate.orm.core                   : HHH000001: Hibernate ORM core version 7.4.1.Final
2026-07-02T15:19:37.000+01:00  INFO 30436 --- [verdikt-backend] [           main] o.s.o.j.p.SpringPersistenceUnitInfo      : No LoadTimeWeaver setup: ignoring JPA class transformer
2026-07-02T15:19:37.111+01:00  INFO 30436 --- [verdikt-backend] [           main] com.zaxxer.hikari.HikariDataSource       : HikariPool-1 - Starting...
2026-07-02T15:19:37.820+01:00  INFO 30436 --- [verdikt-backend] [           main] com.zaxxer.hikari.pool.HikariPool        : HikariPool-1 - Added connection org.postgresql.jdbc.PgConnection@33502cfe
2026-07-02T15:19:37.826+01:00  INFO 30436 --- [verdikt-backend] [           main] com.zaxxer.hikari.HikariDataSource       : HikariPool-1 - Start completed.
2026-07-02T15:19:37.967+01:00  WARN 30436 --- [verdikt-backend] [           main] org.hibernate.orm.deprecation            : HHH90000025: PostgreSQLDialect does not need to be specified explicitly using 'hibernate.dialect' (remove the property setting and it will be selected by default)
2026-07-02T15:19:38.131+01:00  INFO 30436 --- [verdikt-backend] [           main] org.hibernate.orm.connections.pooling    : HHH10001005: Database info:
	Database JDBC URL [jdbc:postgresql://localhost:5432/verdikt?useTimezone=true&serverTimezone=UTC]
	Database driver: PostgreSQL JDBC Driver
	Database dialect: PostgreSQLDialect
	Database version: 17.5
	Default catalog/schema: verdikt/public
	Autocommit mode: undefined/unknown
	Isolation level: READ_COMMITTED [default READ_COMMITTED]
	JDBC fetch size: none
	Pool: DataSourceConnectionProvider
	Minimum pool size: undefined/unknown
	Maximum pool size: undefined/unknown
2026-07-02T15:19:42.031+01:00  INFO 30436 --- [verdikt-backend] [           main] org.hibernate.orm.core                   : HHH000489: No JTA platform available (set 'hibernate.transaction.jta.platform' to enable JTA platform integration)
2026-07-02T15:19:42.265+01:00  INFO 30436 --- [verdikt-backend] [           main] j.LocalContainerEntityManagerFactoryBean : Initialized JPA EntityManagerFactory for persistence unit 'default'
2026-07-02T15:19:43.104+01:00  INFO 30436 --- [verdikt-backend] [           main] o.s.d.j.r.query.QueryEnhancerFactories   : Hibernate is in classpath; If applicable, HQL parser will be used.
2026-07-02T15:19:48.619+01:00  WARN 30436 --- [verdikt-backend] [           main] JpaBaseConfiguration$JpaWebConfiguration : spring.jpa.open-in-view is enabled by default. Therefore, database queries may be performed during view rendering. Explicitly configure spring.jpa.open-in-view to disable this warning
2026-07-02T15:19:50.658+01:00  INFO 30436 --- [verdikt-backend] [           main] o.s.m.s.b.SimpleBrokerMessageHandler     : Starting...
2026-07-02T15:19:50.666+01:00  INFO 30436 --- [verdikt-backend] [           main] o.s.m.s.b.SimpleBrokerMessageHandler     : BrokerAvailabilityEvent[available=true, SimpleBrokerMessageHandler [org.springframework.messaging.simp.broker.DefaultSubscriptionRegistry@1d95957c]]
2026-07-02T15:19:50.667+01:00  INFO 30436 --- [verdikt-backend] [           main] o.s.m.s.b.SimpleBrokerMessageHandler     : Started.
2026-07-02T15:19:50.689+01:00  INFO 30436 --- [verdikt-backend] [           main] c.v.v.VerdiktBackendApplicationTests     : Started VerdiktBackendApplicationTests in 20.815 seconds (process running for 31.714)
]]></system-out>
  </testcase>
</testsuite>